[2020-07-25 17:36:47,351] multiqc                                            [DEBUG  ]  No MultiQC config found: /programs/x86_64-linux/multiqc/1.8/lib/python3.7/site-packages/multiqc_config.yaml
[2020-07-25 17:36:47,352] multiqc                                            [DEBUG  ]  No MultiQC config found: /home/zth1/.multiqc_config.yaml
[2020-07-25 17:36:47,354] multiqc                                            [DEBUG  ]  No MultiQC config found: multiqc_config.yaml
[2020-07-25 17:36:47,354] multiqc                                            [DEBUG  ]  Command used: /programs/x86_64-linux/multiqc/1.8/bin/multiqc /zfs/cores/mbcfdata/mbcf-seq/TempTransfer/NovaSeq/200723_MP8088_fastq/Reports -o /zfs/cores/mbcfdata/mbcf-seq/TempTransfer/NovaSeq/200723_MP8088_fastq/
[2020-07-25 17:36:48,105] multiqc                                            [WARNING]  MultiQC Version v1.9 now available!
[2020-07-25 17:36:48,107] multiqc                                            [INFO   ]  This is MultiQC v1.8
[2020-07-25 17:36:48,109] multiqc                                            [DEBUG  ]  Command     : /programs/x86_64-linux/multiqc/1.8/bin/multiqc /zfs/cores/mbcfdata/mbcf-seq/TempTransfer/NovaSeq/200723_MP8088_fastq/Reports -o /zfs/cores/mbcfdata/mbcf-seq/TempTransfer/NovaSeq/200723_MP8088_fastq/
[2020-07-25 17:36:48,109] multiqc                                            [DEBUG  ]  Working dir : /zfs/cores/mbcfdata/mbcf-seq/NovaSeq/analysis/200723_A00873_0203_AHG5KYDSXY_SH8022_SY7982_MWZ8046_MWZ8081_MWZ8047_JE8052_LG8049_CM8049_DWC8020_LC6642_FHP8041_CR7995_JT8038_GW8031_MP8088_AB8062_AB8063_AB8087_YX8036_WL8019_MP8095_NY8074/concat_per_sample_fastq
[2020-07-25 17:36:48,110] multiqc                                            [INFO   ]  Template    : default
[2020-07-25 17:36:48,112] multiqc                                            [DEBUG  ]  Running Python 3.7.4 (default, Aug 13 2019, 20:35:49)  [GCC 7.3.0]
[2020-07-25 17:36:48,112] multiqc                                            [INFO   ]  Searching   : /zfs/cores/mbcfdata/mbcf-seq/TempTransfer/NovaSeq/200723_MP8088_fastq/Reports
[2020-07-25 17:36:48,114] multiqc                                            [DEBUG  ]  Analysing modules: custom_content, conpair, peddy, methylQA, phantompeakqualtools, qualimap, preseq, quast, qorts, rna_seqc, rsem, rseqc, busco, goleft_indexcov, disambiguate, supernova, deeptools, sargasso, verifybamid, mirtrace, happy, homer, macs2, theta2, snpeff, gatk, htseq, bcftools, featureCounts, fgbio, dedup, damageprofiler, biobambam2, mtnucratio, picard, prokka, samblaster, samtools, sexdeterrmine, bamtools, jellyfish, vcftools, longranger, stacks, bbmap, bismark, biscuit, hicexplorer, hicup, hicpro, salmon, kallisto, slamdunk, star, hisat2, tophat, bowtie2, bowtie1, kat, leehom, adapterRemoval, clipandmerge, cutadapt, flexbar, trimmomatic, skewer, sortmerna, biobloomtools, fastq_screen, afterqc, fastp, fastqc, minionqc, mosdepth, clusterflow, bcl2fastq, interop, flash, seqyclean
[2020-07-25 17:36:48,117] multiqc                                            [DEBUG  ]  Using temporary directory for creating report: /mnt/scratch/710686.1.xfer.q/tmpppymxcbm
[2020-07-25 17:36:48,229] multiqc                                            [DEBUG  ]  Ignoring file as matched an ignore pattern: 20200723_3_MP8088_S139_R1_001_fastqc.html
[2020-07-25 17:36:48,230] multiqc                                            [DEBUG  ]  Ignoring file as matched an ignore pattern: 20200723_28_MP8088_S164_R2_001_fastqc.html
[2020-07-25 17:36:48,231] multiqc                                            [DEBUG  ]  Ignoring file as matched an ignore pattern: 20200723_8_MP8088_S144_R2_001_fastqc.html
[2020-07-25 17:36:48,232] multiqc                                            [DEBUG  ]  Ignoring file as matched an ignore pattern: 20200723_30_MP8088_S166_R1_001_fastqc.html
[2020-07-25 17:36:48,233] multiqc                                            [DEBUG  ]  Ignoring file as matched an ignore pattern: 20200723_18_MP8088_S154_R1_001_fastqc.html
[2020-07-25 17:36:48,235] multiqc                                            [DEBUG  ]  Ignoring file as matched an ignore pattern: 20200723_5_MP8088_S141_R2_001_fastqc.html
[2020-07-25 17:36:48,236] multiqc                                            [DEBUG  ]  Ignoring file as matched an ignore pattern: 20200723_15_MP8088_S151_R1_001_fastqc.html
[2020-07-25 17:36:48,237] multiqc                                            [DEBUG  ]  Ignoring file as matched an ignore pattern: 20200723_26_MP8088_S162_R2_001_fastqc.html
[2020-07-25 17:36:48,238] multiqc                                            [DEBUG  ]  Ignoring file as matched an ignore pattern: 20200723_16_MP8088_S152_R1_001_fastqc.html
[2020-07-25 17:36:48,239] multiqc                                            [DEBUG  ]  Ignoring file as matched an ignore pattern: 20200723_20_MP8088_S156_R2_001_fastqc.html
[2020-07-25 17:36:48,240] multiqc                                            [DEBUG  ]  Ignoring file as matched an ignore pattern: 20200723_12_MP8088_S148_R2_001_fastqc.html
[2020-07-25 17:36:48,240] multiqc                                            [DEBUG  ]  Ignoring file as matched an ignore pattern: 20200723_6_MP8088_S142_R2_001_fastqc.html
[2020-07-25 17:36:48,241] multiqc                                            [DEBUG  ]  Ignoring file as matched an ignore pattern: 20200723_25_MP8088_S161_R2_001_fastqc.html
[2020-07-25 17:36:48,243] multiqc                                            [DEBUG  ]  Ignoring file as matched an ignore pattern: 20200723_11_MP8088_S147_R2_001_fastqc.html
[2020-07-25 17:36:48,244] multiqc                                            [DEBUG  ]  Ignoring file as matched an ignore pattern: 20200723_23_MP8088_S159_R2_001_fastqc.html
[2020-07-25 17:36:48,247] multiqc                                            [DEBUG  ]  Ignoring file as matched an ignore pattern: 20200723_11_MP8088_S147_R1_001_fastqc.html
[2020-07-25 17:36:48,248] multiqc                                            [DEBUG  ]  Ignoring file as matched an ignore pattern: 20200723_23_MP8088_S159_R1_001_fastqc.html
[2020-07-25 17:36:48,250] multiqc                                            [DEBUG  ]  Ignoring file as matched an ignore pattern: 20200723_26_MP8088_S162_R1_001_fastqc.html
[2020-07-25 17:36:48,251] multiqc                                            [DEBUG  ]  Ignoring file as matched an ignore pattern: 20200723_15_MP8088_S151_R2_001_fastqc.html
[2020-07-25 17:36:48,253] multiqc                                            [DEBUG  ]  Ignoring file as matched an ignore pattern: 20200723_5_MP8088_S141_R1_001_fastqc.html
[2020-07-25 17:36:48,255] multiqc                                            [DEBUG  ]  Ignoring file as matched an ignore pattern: 20200723_25_MP8088_S161_R1_001_fastqc.html
[2020-07-25 17:36:48,255] multiqc                                            [DEBUG  ]  Ignoring file as matched an ignore pattern: 20200723_20_MP8088_S156_R1_001_fastqc.html
[2020-07-25 17:36:48,256] multiqc                                            [DEBUG  ]  Ignoring file as matched an ignore pattern: 20200723_12_MP8088_S148_R1_001_fastqc.html
[2020-07-25 17:36:48,257] multiqc                                            [DEBUG  ]  Ignoring file as matched an ignore pattern: 20200723_6_MP8088_S142_R1_001_fastqc.html
[2020-07-25 17:36:48,258] multiqc                                            [DEBUG  ]  Ignoring file as matched an ignore pattern: 20200723_16_MP8088_S152_R2_001_fastqc.html
[2020-07-25 17:36:48,260] multiqc                                            [DEBUG  ]  Ignoring file as matched an ignore pattern: 20200723_28_MP8088_S164_R1_001_fastqc.html
[2020-07-25 17:36:48,261] multiqc                                            [DEBUG  ]  Ignoring file as matched an ignore pattern: 20200723_3_MP8088_S139_R2_001_fastqc.html
[2020-07-25 17:36:48,261] multiqc                                            [DEBUG  ]  Ignoring file as matched an ignore pattern: 20200723_30_MP8088_S166_R2_001_fastqc.html
[2020-07-25 17:36:48,262] multiqc                                            [DEBUG  ]  Ignoring file as matched an ignore pattern: 20200723_18_MP8088_S154_R2_001_fastqc.html
[2020-07-25 17:36:48,263] multiqc                                            [DEBUG  ]  Ignoring file as matched an ignore pattern: 20200723_8_MP8088_S144_R1_001_fastqc.html
[2020-07-25 17:36:48,266] multiqc                                            [DEBUG  ]  Ignoring file as matched an ignore pattern: 20200723_32_MP8088_S168_R1_001_fastqc.html
[2020-07-25 17:36:48,267] multiqc                                            [DEBUG  ]  Ignoring file as matched an ignore pattern: 20200723_1_MP8088_S137_R1_001_fastqc.html
[2020-07-25 17:36:48,268] multiqc                                            [DEBUG  ]  Ignoring file as matched an ignore pattern: 20200723_9_MP8088_S145_R2_001_fastqc.html
[2020-07-25 17:36:48,269] multiqc                                            [DEBUG  ]  Ignoring file as matched an ignore pattern: 20200723_31_MP8088_S167_R1_001_fastqc.html
[2020-07-25 17:36:48,269] multiqc                                            [DEBUG  ]  Ignoring file as matched an ignore pattern: 20200723_19_MP8088_S155_R1_001_fastqc.html
[2020-07-25 17:36:48,270] multiqc                                            [DEBUG  ]  Ignoring file as matched an ignore pattern: 20200723_2_MP8088_S138_R1_001_fastqc.html
[2020-07-25 17:36:48,271] multiqc                                            [DEBUG  ]  Ignoring file as matched an ignore pattern: 20200723_29_MP8088_S165_R2_001_fastqc.html
[2020-07-25 17:36:48,272] multiqc                                            [DEBUG  ]  Ignoring file as matched an ignore pattern: 20200723_17_MP8088_S153_R1_001_fastqc.html
[2020-07-25 17:36:48,273] multiqc                                            [DEBUG  ]  Ignoring file as matched an ignore pattern: 20200723_21_MP8088_S157_R2_001_fastqc.html
[2020-07-25 17:36:48,274] multiqc                                            [DEBUG  ]  Ignoring file as matched an ignore pattern: 20200723_7_MP8088_S143_R2_001_fastqc.html
[2020-07-25 17:36:48,275] multiqc                                            [DEBUG  ]  Ignoring file as matched an ignore pattern: 20200723_13_MP8088_S149_R2_001_fastqc.html
[2020-07-25 17:36:48,275] multiqc                                            [DEBUG  ]  Ignoring file as matched an ignore pattern: 20200723_24_MP8088_S160_R2_001_fastqc.html
[2020-07-25 17:36:48,276] multiqc                                            [DEBUG  ]  Ignoring file as matched an ignore pattern: 20200723_4_MP8088_S140_R2_001_fastqc.html
[2020-07-25 17:36:48,277] multiqc                                            [DEBUG  ]  Ignoring file as matched an ignore pattern: 20200723_14_MP8088_S150_R1_001_fastqc.html
[2020-07-25 17:36:48,278] multiqc                                            [DEBUG  ]  Ignoring file as matched an ignore pattern: 20200723_27_MP8088_S163_R2_001_fastqc.html
[2020-07-25 17:36:48,279] multiqc                                            [DEBUG  ]  Ignoring file as matched an ignore pattern: 20200723_10_MP8088_S146_R2_001_fastqc.html
[2020-07-25 17:36:48,280] multiqc                                            [DEBUG  ]  Ignoring file as matched an ignore pattern: 20200723_22_MP8088_S158_R2_001_fastqc.html
[2020-07-25 17:36:48,281] multiqc                                            [DEBUG  ]  Ignoring file as matched an ignore pattern: 20200723_10_MP8088_S146_R1_001_fastqc.html
[2020-07-25 17:36:48,282] multiqc                                            [DEBUG  ]  Ignoring file as matched an ignore pattern: 20200723_22_MP8088_S158_R1_001_fastqc.html
[2020-07-25 17:36:48,285] multiqc                                            [DEBUG  ]  Ignoring file as matched an ignore pattern: 20200723_24_MP8088_S160_R1_001_fastqc.html
[2020-07-25 17:36:48,286] multiqc                                            [DEBUG  ]  Ignoring file as matched an ignore pattern: 20200723_21_MP8088_S157_R1_001_fastqc.html
[2020-07-25 17:36:48,286] multiqc                                            [DEBUG  ]  Ignoring file as matched an ignore pattern: 20200723_7_MP8088_S143_R1_001_fastqc.html
[2020-07-25 17:36:48,287] multiqc                                            [DEBUG  ]  Ignoring file as matched an ignore pattern: 20200723_13_MP8088_S149_R1_001_fastqc.html
[2020-07-25 17:36:48,288] multiqc                                            [DEBUG  ]  Ignoring file as matched an ignore pattern: 20200723_17_MP8088_S153_R2_001_fastqc.html
[2020-07-25 17:36:48,289] multiqc                                            [DEBUG  ]  Ignoring file as matched an ignore pattern: 20200723_27_MP8088_S163_R1_001_fastqc.html
[2020-07-25 17:36:48,289] multiqc                                            [DEBUG  ]  Ignoring file as matched an ignore pattern: 20200723_14_MP8088_S150_R2_001_fastqc.html
[2020-07-25 17:36:48,290] multiqc                                            [DEBUG  ]  Ignoring file as matched an ignore pattern: 20200723_4_MP8088_S140_R1_001_fastqc.html
[2020-07-25 17:36:48,291] multiqc                                            [DEBUG  ]  Ignoring file as matched an ignore pattern: 20200723_31_MP8088_S167_R2_001_fastqc.html
[2020-07-25 17:36:48,292] multiqc                                            [DEBUG  ]  Ignoring file as matched an ignore pattern: 20200723_19_MP8088_S155_R2_001_fastqc.html
[2020-07-25 17:36:48,293] multiqc                                            [DEBUG  ]  Ignoring file as matched an ignore pattern: 20200723_9_MP8088_S145_R1_001_fastqc.html
[2020-07-25 17:36:48,294] multiqc                                            [DEBUG  ]  Ignoring file as matched an ignore pattern: 20200723_29_MP8088_S165_R1_001_fastqc.html
[2020-07-25 17:36:48,295] multiqc                                            [DEBUG  ]  Ignoring file as matched an ignore pattern: 20200723_2_MP8088_S138_R2_001_fastqc.html
[2020-07-25 17:36:48,297] multiqc                                            [DEBUG  ]  Ignoring file as matched an ignore pattern: 20200723_32_MP8088_S168_R2_001_fastqc.html
[2020-07-25 17:36:48,298] multiqc                                            [DEBUG  ]  Ignoring file as matched an ignore pattern: 20200723_1_MP8088_S137_R2_001_fastqc.html
[2020-07-25 17:36:48,613] multiqc.plots.bargraph                             [DEBUG  ]  Using matplotlib version 2.2.5
[2020-07-25 17:36:48,615] multiqc.plots.linegraph                            [DEBUG  ]  Using matplotlib version 2.2.5
[2020-07-25 17:36:48,618] multiqc                                            [DEBUG  ]  No samples found: custom_content
[2020-07-25 17:36:48,623] multiqc                                            [DEBUG  ]  No samples found: conpair
[2020-07-25 17:36:48,629] multiqc                                            [DEBUG  ]  No samples found: peddy
[2020-07-25 17:36:48,635] multiqc                                            [DEBUG  ]  No samples found: methylQA
[2020-07-25 17:36:48,641] multiqc                                            [DEBUG  ]  No samples found: phantompeakqualtools
[2020-07-25 17:36:48,655] multiqc                                            [DEBUG  ]  No samples found: qualimap
[2020-07-25 17:36:48,660] multiqc                                            [DEBUG  ]  No samples found: preseq
[2020-07-25 17:36:48,666] multiqc                                            [DEBUG  ]  No samples found: quast
[2020-07-25 17:36:48,672] multiqc                                            [DEBUG  ]  No samples found: qorts
[2020-07-25 17:36:48,677] multiqc                                            [DEBUG  ]  No samples found: rna_seqc
[2020-07-25 17:36:48,683] multiqc                                            [DEBUG  ]  No samples found: rsem
[2020-07-25 17:36:48,693] multiqc                                            [DEBUG  ]  No samples found: rseqc
[2020-07-25 17:36:48,699] multiqc                                            [DEBUG  ]  No samples found: busco
[2020-07-25 17:36:48,705] multiqc                                            [DEBUG  ]  No samples found: goleft_indexcov
[2020-07-25 17:36:48,711] multiqc                                            [DEBUG  ]  No samples found: disambiguate
[2020-07-25 17:36:48,717] multiqc                                            [DEBUG  ]  No samples found: supernova
[2020-07-25 17:36:48,729] multiqc                                            [DEBUG  ]  No samples found: deeptools
[2020-07-25 17:36:48,735] multiqc                                            [DEBUG  ]  No samples found: sargasso
[2020-07-25 17:36:48,741] multiqc                                            [DEBUG  ]  No samples found: verifybamid
[2020-07-25 17:36:48,747] multiqc                                            [DEBUG  ]  No samples found: mirtrace
[2020-07-25 17:36:48,753] multiqc                                            [DEBUG  ]  No samples found: happy
[2020-07-25 17:36:48,760] multiqc                                            [DEBUG  ]  No samples found: homer
[2020-07-25 17:36:48,766] multiqc                                            [DEBUG  ]  No samples found: macs2
[2020-07-25 17:36:48,772] multiqc                                            [DEBUG  ]  No samples found: theta2
[2020-07-25 17:36:48,778] multiqc                                            [DEBUG  ]  No samples found: snpeff
[2020-07-25 17:36:48,786] multiqc                                            [DEBUG  ]  No samples found: gatk
[2020-07-25 17:36:48,792] multiqc                                            [DEBUG  ]  No samples found: htseq
[2020-07-25 17:36:48,798] multiqc                                            [DEBUG  ]  No samples found: bcftools
[2020-07-25 17:36:48,804] multiqc                                            [DEBUG  ]  No samples found: featureCounts
[2020-07-25 17:36:48,812] multiqc                                            [DEBUG  ]  No samples found: fgbio
[2020-07-25 17:36:48,818] multiqc                                            [DEBUG  ]  No samples found: dedup
[2020-07-25 17:36:48,825] multiqc                                            [DEBUG  ]  No samples found: damageprofiler
[2020-07-25 17:36:48,843] multiqc                                            [DEBUG  ]  No samples found: biobambam2
[2020-07-25 17:36:48,849] multiqc                                            [DEBUG  ]  No samples found: mtnucratio
[2020-07-25 17:36:48,853] multiqc                                            [DEBUG  ]  No samples found: picard
[2020-07-25 17:36:48,859] multiqc                                            [DEBUG  ]  No samples found: prokka
[2020-07-25 17:36:48,865] multiqc                                            [DEBUG  ]  No samples found: samblaster
[2020-07-25 17:36:48,873] multiqc                                            [DEBUG  ]  No samples found: samtools
[2020-07-25 17:36:48,879] multiqc                                            [DEBUG  ]  No samples found: sexdeterrmine
[2020-07-25 17:36:48,886] multiqc                                            [DEBUG  ]  No samples found: bamtools
[2020-07-25 17:36:48,892] multiqc                                            [DEBUG  ]  No samples found: jellyfish
[2020-07-25 17:36:48,900] multiqc                                            [DEBUG  ]  No samples found: vcftools
[2020-07-25 17:36:48,906] multiqc                                            [DEBUG  ]  No samples found: longranger
[2020-07-25 17:36:48,912] multiqc                                            [DEBUG  ]  No samples found: stacks
[2020-07-25 17:36:48,924] multiqc                                            [DEBUG  ]  No samples found: bbmap
[2020-07-25 17:36:48,930] multiqc                                            [DEBUG  ]  No samples found: bismark
[2020-07-25 17:36:48,937] multiqc                                            [DEBUG  ]  No samples found: biscuit
[2020-07-25 17:36:48,943] multiqc                                            [DEBUG  ]  No samples found: hicexplorer
[2020-07-25 17:36:48,948] multiqc                                            [DEBUG  ]  No samples found: hicup
[2020-07-25 17:36:48,954] multiqc                                            [DEBUG  ]  No samples found: hicpro
[2020-07-25 17:36:48,960] multiqc                                            [DEBUG  ]  No samples found: salmon
[2020-07-25 17:36:48,966] multiqc                                            [DEBUG  ]  No samples found: kallisto
[2020-07-25 17:36:48,972] multiqc                                            [DEBUG  ]  No samples found: slamdunk
[2020-07-25 17:36:48,978] multiqc                                            [DEBUG  ]  No samples found: star
[2020-07-25 17:36:48,984] multiqc                                            [DEBUG  ]  No samples found: hisat2
[2020-07-25 17:36:48,989] multiqc                                            [DEBUG  ]  No samples found: tophat
[2020-07-25 17:36:48,995] multiqc                                            [DEBUG  ]  No samples found: bowtie2
[2020-07-25 17:36:49,001] multiqc                                            [DEBUG  ]  No samples found: bowtie1
[2020-07-25 17:36:49,007] multiqc                                            [DEBUG  ]  No samples found: kat
[2020-07-25 17:36:49,013] multiqc                                            [DEBUG  ]  No samples found: leehom
[2020-07-25 17:36:49,018] multiqc                                            [DEBUG  ]  No samples found: adapterRemoval
[2020-07-25 17:36:49,024] multiqc                                            [DEBUG  ]  No samples found: clipandmerge
[2020-07-25 17:36:49,030] multiqc                                            [DEBUG  ]  No samples found: cutadapt
[2020-07-25 17:36:49,036] multiqc                                            [DEBUG  ]  No samples found: flexbar
[2020-07-25 17:36:49,042] multiqc                                            [DEBUG  ]  No samples found: trimmomatic
[2020-07-25 17:36:49,047] multiqc                                            [DEBUG  ]  No samples found: skewer
[2020-07-25 17:36:49,053] multiqc                                            [DEBUG  ]  No samples found: sortmerna
[2020-07-25 17:36:49,060] multiqc                                            [DEBUG  ]  No samples found: biobloomtools
[2020-07-25 17:36:49,067] multiqc                                            [DEBUG  ]  No samples found: fastq_screen
[2020-07-25 17:36:49,073] multiqc                                            [DEBUG  ]  No samples found: afterqc
[2020-07-25 17:36:49,079] multiqc                                            [DEBUG  ]  No samples found: fastp
[2020-07-25 17:37:00,640] multiqc.modules.fastqc.fastqc                      [INFO   ]  Found 64 reports
[2020-07-25 17:37:01,457] multiqc                                            [DEBUG  ]  No samples found: minionqc
[2020-07-25 17:37:01,466] multiqc                                            [DEBUG  ]  No samples found: mosdepth
[2020-07-25 17:37:01,473] multiqc                                            [DEBUG  ]  No samples found: clusterflow
[2020-07-25 17:37:01,479] multiqc                                            [DEBUG  ]  No samples found: bcl2fastq
[2020-07-25 17:37:01,484] multiqc                                            [DEBUG  ]  No samples found: interop
[2020-07-25 17:37:01,490] multiqc                                            [DEBUG  ]  No samples found: flash
[2020-07-25 17:37:01,496] multiqc                                            [DEBUG  ]  No samples found: seqyclean
[2020-07-25 17:37:01,599] multiqc                                            [INFO   ]  Compressing plot data
[2020-07-25 17:37:02,530] multiqc                                            [INFO   ]  Report      : ../../../../TempTransfer/NovaSeq/200723_MP8088_fastq/multiqc_report.html
[2020-07-25 17:37:02,532] multiqc                                            [INFO   ]  Data        : ../../../../TempTransfer/NovaSeq/200723_MP8088_fastq/multiqc_data
[2020-07-25 17:37:02,535] multiqc                                            [DEBUG  ]  Moving data file from '/mnt/scratch/710686.1.xfer.q/tmpppymxcbm/multiqc_data/multiqc_general_stats.txt' to '/zfs/cores/mbcfdata/mbcf-seq/TempTransfer/NovaSeq/200723_MP8088_fastq/multiqc_data'
[2020-07-25 17:37:02,545] multiqc                                            [DEBUG  ]  Moving data file from '/mnt/scratch/710686.1.xfer.q/tmpppymxcbm/multiqc_data/multiqc_data.json' to '/zfs/cores/mbcfdata/mbcf-seq/TempTransfer/NovaSeq/200723_MP8088_fastq/multiqc_data'
[2020-07-25 17:37:02,585] multiqc                                            [DEBUG  ]  Moving data file from '/mnt/scratch/710686.1.xfer.q/tmpppymxcbm/multiqc_data/multiqc_qualimap_bamqc_genome_results.txt' to '/zfs/cores/mbcfdata/mbcf-seq/TempTransfer/NovaSeq/200723_MP8088_fastq/multiqc_data'
[2020-07-25 17:37:02,595] multiqc                                            [DEBUG  ]  Moving data file from '/mnt/scratch/710686.1.xfer.q/tmpppymxcbm/multiqc_data/multiqc_fastqc.txt' to '/zfs/cores/mbcfdata/mbcf-seq/TempTransfer/NovaSeq/200723_MP8088_fastq/multiqc_data'
[2020-07-25 17:37:02,605] multiqc                                            [DEBUG  ]  Moving data file from '/mnt/scratch/710686.1.xfer.q/tmpppymxcbm/multiqc_data/multiqc_sources.txt' to '/zfs/cores/mbcfdata/mbcf-seq/TempTransfer/NovaSeq/200723_MP8088_fastq/multiqc_data'
[2020-07-25 17:37:03,287] multiqc                                            [INFO   ]  MultiQC complete
