[2020-07-25 18:22:23,594] multiqc                                            [DEBUG  ]  No MultiQC config found: /programs/x86_64-linux/multiqc/1.8/lib/python3.7/site-packages/multiqc_config.yaml
[2020-07-25 18:22:23,599] multiqc                                            [DEBUG  ]  No MultiQC config found: /home/zth1/.multiqc_config.yaml
[2020-07-25 18:22:23,600] multiqc                                            [DEBUG  ]  No MultiQC config found: multiqc_config.yaml
[2020-07-25 18:22:23,601] multiqc                                            [DEBUG  ]  Command used: /programs/x86_64-linux/multiqc/1.8/bin/multiqc /zfs/cores/mbcfdata/mbcf-seq/TempTransfer/NovaSeq/200723_MP8095_fastq/Reports -o /zfs/cores/mbcfdata/mbcf-seq/TempTransfer/NovaSeq/200723_MP8095_fastq/
[2020-07-25 18:22:24,460] multiqc                                            [WARNING]  MultiQC Version v1.9 now available!
[2020-07-25 18:22:24,461] multiqc                                            [INFO   ]  This is MultiQC v1.8
[2020-07-25 18:22:24,462] multiqc                                            [DEBUG  ]  Command     : /programs/x86_64-linux/multiqc/1.8/bin/multiqc /zfs/cores/mbcfdata/mbcf-seq/TempTransfer/NovaSeq/200723_MP8095_fastq/Reports -o /zfs/cores/mbcfdata/mbcf-seq/TempTransfer/NovaSeq/200723_MP8095_fastq/
[2020-07-25 18:22:24,463] multiqc                                            [DEBUG  ]  Working dir : /zfs/cores/mbcfdata/mbcf-seq/NovaSeq/analysis/200723_A00873_0203_AHG5KYDSXY_SH8022_SY7982_MWZ8046_MWZ8081_MWZ8047_JE8052_LG8049_CM8049_DWC8020_LC6642_FHP8041_CR7995_JT8038_GW8031_MP8088_AB8062_AB8063_AB8087_YX8036_WL8019_MP8095_NY8074/concat_per_sample_fastq
[2020-07-25 18:22:24,464] multiqc                                            [INFO   ]  Template    : default
[2020-07-25 18:22:24,465] multiqc                                            [DEBUG  ]  Running Python 3.7.4 (default, Aug 13 2019, 20:35:49)  [GCC 7.3.0]
[2020-07-25 18:22:24,465] multiqc                                            [INFO   ]  Searching   : /zfs/cores/mbcfdata/mbcf-seq/TempTransfer/NovaSeq/200723_MP8095_fastq/Reports
[2020-07-25 18:22:24,467] multiqc                                            [DEBUG  ]  Analysing modules: custom_content, conpair, peddy, methylQA, phantompeakqualtools, qualimap, preseq, quast, qorts, rna_seqc, rsem, rseqc, busco, goleft_indexcov, disambiguate, supernova, deeptools, sargasso, verifybamid, mirtrace, happy, homer, macs2, theta2, snpeff, gatk, htseq, bcftools, featureCounts, fgbio, dedup, damageprofiler, biobambam2, mtnucratio, picard, prokka, samblaster, samtools, sexdeterrmine, bamtools, jellyfish, vcftools, longranger, stacks, bbmap, bismark, biscuit, hicexplorer, hicup, hicpro, salmon, kallisto, slamdunk, star, hisat2, tophat, bowtie2, bowtie1, kat, leehom, adapterRemoval, clipandmerge, cutadapt, flexbar, trimmomatic, skewer, sortmerna, biobloomtools, fastq_screen, afterqc, fastp, fastqc, minionqc, mosdepth, clusterflow, bcl2fastq, interop, flash, seqyclean
[2020-07-25 18:22:24,469] multiqc                                            [DEBUG  ]  Using temporary directory for creating report: /mnt/scratch/710686.1.xfer.q/tmpe98rztfh
[2020-07-25 18:22:24,621] multiqc                                            [DEBUG  ]  Ignoring file as matched an ignore pattern: 20200723_8_MP8095_S218_R1_001_fastqc.html
[2020-07-25 18:22:24,622] multiqc                                            [DEBUG  ]  Ignoring file as matched an ignore pattern: 20200723_11_MP8095_S221_R1_001_fastqc.html
[2020-07-25 18:22:24,623] multiqc                                            [DEBUG  ]  Ignoring file as matched an ignore pattern: 20200723_4_MP8095_S214_R1_001_fastqc.html
[2020-07-25 18:22:24,623] multiqc                                            [DEBUG  ]  Ignoring file as matched an ignore pattern: 20200723_7_MP8095_S217_R1_001_fastqc.html
[2020-07-25 18:22:24,624] multiqc                                            [DEBUG  ]  Ignoring file as matched an ignore pattern: 20200723_12_MP8095_S222_R1_001_fastqc.html
[2020-07-25 18:22:24,625] multiqc                                            [DEBUG  ]  Ignoring file as matched an ignore pattern: 20200723_2S_MP8095_S210_R2_001_fastqc.html
[2020-07-25 18:22:24,626] multiqc                                            [DEBUG  ]  Ignoring file as matched an ignore pattern: 20200723_2_MP8095_S212_R1_001_fastqc.html
[2020-07-25 18:22:24,635] multiqc                                            [DEBUG  ]  Ignoring file as matched an ignore pattern: 20200723_1_MP8095_S211_R1_001_fastqc.html
[2020-07-25 18:22:24,635] multiqc                                            [DEBUG  ]  Ignoring file as matched an ignore pattern: 20200723_14_MP8095_S224_R1_001_fastqc.html
[2020-07-25 18:22:24,637] multiqc                                            [DEBUG  ]  Ignoring file as matched an ignore pattern: 20200723_2_MP8095_S212_R2_001_fastqc.html
[2020-07-25 18:22:24,638] multiqc                                            [DEBUG  ]  Ignoring file as matched an ignore pattern: 20200723_1_MP8095_S211_R2_001_fastqc.html
[2020-07-25 18:22:24,639] multiqc                                            [DEBUG  ]  Ignoring file as matched an ignore pattern: 20200723_14_MP8095_S224_R2_001_fastqc.html
[2020-07-25 18:22:24,643] multiqc                                            [DEBUG  ]  Ignoring file as matched an ignore pattern: 20200723_11_MP8095_S221_R2_001_fastqc.html
[2020-07-25 18:22:24,644] multiqc                                            [DEBUG  ]  Ignoring file as matched an ignore pattern: 20200723_4_MP8095_S214_R2_001_fastqc.html
[2020-07-25 18:22:24,645] multiqc                                            [DEBUG  ]  Ignoring file as matched an ignore pattern: 20200723_2S_MP8095_S210_R1_001_fastqc.html
[2020-07-25 18:22:24,645] multiqc                                            [DEBUG  ]  Ignoring file as matched an ignore pattern: 20200723_7_MP8095_S217_R2_001_fastqc.html
[2020-07-25 18:22:24,646] multiqc                                            [DEBUG  ]  Ignoring file as matched an ignore pattern: 20200723_12_MP8095_S222_R2_001_fastqc.html
[2020-07-25 18:22:24,650] multiqc                                            [DEBUG  ]  Ignoring file as matched an ignore pattern: 20200723_8_MP8095_S218_R2_001_fastqc.html
[2020-07-25 18:22:24,651] multiqc                                            [DEBUG  ]  Ignoring file as matched an ignore pattern: 20200723_9_MP8095_S219_R1_001_fastqc.html
[2020-07-25 18:22:24,654] multiqc                                            [DEBUG  ]  Ignoring file as matched an ignore pattern: 20200723_6_MP8095_S216_R1_001_fastqc.html
[2020-07-25 18:22:24,654] multiqc                                            [DEBUG  ]  Ignoring file as matched an ignore pattern: 20200723_13_MP8095_S223_R1_001_fastqc.html
[2020-07-25 18:22:24,655] multiqc                                            [DEBUG  ]  Ignoring file as matched an ignore pattern: 20200723_10_MP8095_S220_R1_001_fastqc.html
[2020-07-25 18:22:24,656] multiqc                                            [DEBUG  ]  Ignoring file as matched an ignore pattern: 20200723_5_MP8095_S215_R1_001_fastqc.html
[2020-07-25 18:22:24,656] multiqc                                            [DEBUG  ]  Ignoring file as matched an ignore pattern: 20200723_15_MP8095_S225_R1_001_fastqc.html
[2020-07-25 18:22:24,657] multiqc                                            [DEBUG  ]  Ignoring file as matched an ignore pattern: 20200723_1S_MP8095_S209_R1_001_fastqc.html
[2020-07-25 18:22:24,658] multiqc                                            [DEBUG  ]  Ignoring file as matched an ignore pattern: 20200723_16_MP8095_S226_R1_001_fastqc.html
[2020-07-25 18:22:24,658] multiqc                                            [DEBUG  ]  Ignoring file as matched an ignore pattern: 20200723_3_MP8095_S213_R1_001_fastqc.html
[2020-07-25 18:22:24,659] multiqc                                            [DEBUG  ]  Ignoring file as matched an ignore pattern: 20200723_1S_MP8095_S209_R2_001_fastqc.html
[2020-07-25 18:22:24,661] multiqc                                            [DEBUG  ]  Ignoring file as matched an ignore pattern: 20200723_15_MP8095_S225_R2_001_fastqc.html
[2020-07-25 18:22:24,662] multiqc                                            [DEBUG  ]  Ignoring file as matched an ignore pattern: 20200723_16_MP8095_S226_R2_001_fastqc.html
[2020-07-25 18:22:24,663] multiqc                                            [DEBUG  ]  Ignoring file as matched an ignore pattern: 20200723_3_MP8095_S213_R2_001_fastqc.html
[2020-07-25 18:22:24,664] multiqc                                            [DEBUG  ]  Ignoring file as matched an ignore pattern: 20200723_6_MP8095_S216_R2_001_fastqc.html
[2020-07-25 18:22:24,668] multiqc                                            [DEBUG  ]  Ignoring file as matched an ignore pattern: 20200723_13_MP8095_S223_R2_001_fastqc.html
[2020-07-25 18:22:24,672] multiqc                                            [DEBUG  ]  Ignoring file as matched an ignore pattern: 20200723_10_MP8095_S220_R2_001_fastqc.html
[2020-07-25 18:22:24,673] multiqc                                            [DEBUG  ]  Ignoring file as matched an ignore pattern: 20200723_5_MP8095_S215_R2_001_fastqc.html
[2020-07-25 18:22:24,678] multiqc                                            [DEBUG  ]  Ignoring file as matched an ignore pattern: 20200723_9_MP8095_S219_R2_001_fastqc.html
[2020-07-25 18:22:25,061] multiqc.plots.bargraph                             [DEBUG  ]  Using matplotlib version 2.2.5
[2020-07-25 18:22:25,063] multiqc.plots.linegraph                            [DEBUG  ]  Using matplotlib version 2.2.5
[2020-07-25 18:22:25,065] multiqc                                            [DEBUG  ]  No samples found: custom_content
[2020-07-25 18:22:25,071] multiqc                                            [DEBUG  ]  No samples found: conpair
[2020-07-25 18:22:25,081] multiqc                                            [DEBUG  ]  No samples found: peddy
[2020-07-25 18:22:25,086] multiqc                                            [DEBUG  ]  No samples found: methylQA
[2020-07-25 18:22:25,096] multiqc                                            [DEBUG  ]  No samples found: phantompeakqualtools
[2020-07-25 18:22:25,105] multiqc                                            [DEBUG  ]  No samples found: qualimap
[2020-07-25 18:22:25,115] multiqc                                            [DEBUG  ]  No samples found: preseq
[2020-07-25 18:22:25,125] multiqc                                            [DEBUG  ]  No samples found: quast
[2020-07-25 18:22:25,134] multiqc                                            [DEBUG  ]  No samples found: qorts
[2020-07-25 18:22:25,143] multiqc                                            [DEBUG  ]  No samples found: rna_seqc
[2020-07-25 18:22:25,151] multiqc                                            [DEBUG  ]  No samples found: rsem
[2020-07-25 18:22:25,165] multiqc                                            [DEBUG  ]  No samples found: rseqc
[2020-07-25 18:22:25,172] multiqc                                            [DEBUG  ]  No samples found: busco
[2020-07-25 18:22:25,182] multiqc                                            [DEBUG  ]  No samples found: goleft_indexcov
[2020-07-25 18:22:25,190] multiqc                                            [DEBUG  ]  No samples found: disambiguate
[2020-07-25 18:22:25,198] multiqc                                            [DEBUG  ]  No samples found: supernova
[2020-07-25 18:22:25,211] multiqc                                            [DEBUG  ]  No samples found: deeptools
[2020-07-25 18:22:25,221] multiqc                                            [DEBUG  ]  No samples found: sargasso
[2020-07-25 18:22:25,229] multiqc                                            [DEBUG  ]  No samples found: verifybamid
[2020-07-25 18:22:25,237] multiqc                                            [DEBUG  ]  No samples found: mirtrace
[2020-07-25 18:22:25,243] multiqc                                            [DEBUG  ]  No samples found: happy
[2020-07-25 18:22:25,255] multiqc                                            [DEBUG  ]  No samples found: homer
[2020-07-25 18:22:25,261] multiqc                                            [DEBUG  ]  No samples found: macs2
[2020-07-25 18:22:25,268] multiqc                                            [DEBUG  ]  No samples found: theta2
[2020-07-25 18:22:25,281] multiqc                                            [DEBUG  ]  No samples found: snpeff
[2020-07-25 18:22:25,292] multiqc                                            [DEBUG  ]  No samples found: gatk
[2020-07-25 18:22:25,302] multiqc                                            [DEBUG  ]  No samples found: htseq
[2020-07-25 18:22:25,311] multiqc                                            [DEBUG  ]  No samples found: bcftools
[2020-07-25 18:22:25,320] multiqc                                            [DEBUG  ]  No samples found: featureCounts
[2020-07-25 18:22:25,334] multiqc                                            [DEBUG  ]  No samples found: fgbio
[2020-07-25 18:22:25,340] multiqc                                            [DEBUG  ]  No samples found: dedup
[2020-07-25 18:22:25,345] multiqc                                            [DEBUG  ]  No samples found: damageprofiler
[2020-07-25 18:22:25,369] multiqc                                            [DEBUG  ]  No samples found: biobambam2
[2020-07-25 18:22:25,375] multiqc                                            [DEBUG  ]  No samples found: mtnucratio
[2020-07-25 18:22:25,381] multiqc                                            [DEBUG  ]  No samples found: picard
[2020-07-25 18:22:25,392] multiqc                                            [DEBUG  ]  No samples found: prokka
[2020-07-25 18:22:25,401] multiqc                                            [DEBUG  ]  No samples found: samblaster
[2020-07-25 18:22:25,412] multiqc                                            [DEBUG  ]  No samples found: samtools
[2020-07-25 18:22:25,420] multiqc                                            [DEBUG  ]  No samples found: sexdeterrmine
[2020-07-25 18:22:25,429] multiqc                                            [DEBUG  ]  No samples found: bamtools
[2020-07-25 18:22:25,440] multiqc                                            [DEBUG  ]  No samples found: jellyfish
[2020-07-25 18:22:25,451] multiqc                                            [DEBUG  ]  No samples found: vcftools
[2020-07-25 18:22:25,459] multiqc                                            [DEBUG  ]  No samples found: longranger
[2020-07-25 18:22:25,473] multiqc                                            [DEBUG  ]  No samples found: stacks
[2020-07-25 18:22:25,492] multiqc                                            [DEBUG  ]  No samples found: bbmap
[2020-07-25 18:22:25,506] multiqc                                            [DEBUG  ]  No samples found: bismark
[2020-07-25 18:22:25,516] multiqc                                            [DEBUG  ]  No samples found: biscuit
[2020-07-25 18:22:25,521] multiqc                                            [DEBUG  ]  No samples found: hicexplorer
[2020-07-25 18:22:25,527] multiqc                                            [DEBUG  ]  No samples found: hicup
[2020-07-25 18:22:25,533] multiqc                                            [DEBUG  ]  No samples found: hicpro
[2020-07-25 18:22:25,544] multiqc                                            [DEBUG  ]  No samples found: salmon
[2020-07-25 18:22:25,550] multiqc                                            [DEBUG  ]  No samples found: kallisto
[2020-07-25 18:22:25,557] multiqc                                            [DEBUG  ]  No samples found: slamdunk
[2020-07-25 18:22:25,565] multiqc                                            [DEBUG  ]  No samples found: star
[2020-07-25 18:22:25,571] multiqc                                            [DEBUG  ]  No samples found: hisat2
[2020-07-25 18:22:25,580] multiqc                                            [DEBUG  ]  No samples found: tophat
[2020-07-25 18:22:25,590] multiqc                                            [DEBUG  ]  No samples found: bowtie2
[2020-07-25 18:22:25,597] multiqc                                            [DEBUG  ]  No samples found: bowtie1
[2020-07-25 18:22:25,605] multiqc                                            [DEBUG  ]  No samples found: kat
[2020-07-25 18:22:25,617] multiqc                                            [DEBUG  ]  No samples found: leehom
[2020-07-25 18:22:25,626] multiqc                                            [DEBUG  ]  No samples found: adapterRemoval
[2020-07-25 18:22:25,635] multiqc                                            [DEBUG  ]  No samples found: clipandmerge
[2020-07-25 18:22:25,643] multiqc                                            [DEBUG  ]  No samples found: cutadapt
[2020-07-25 18:22:25,652] multiqc                                            [DEBUG  ]  No samples found: flexbar
[2020-07-25 18:22:25,664] multiqc                                            [DEBUG  ]  No samples found: trimmomatic
[2020-07-25 18:22:25,673] multiqc                                            [DEBUG  ]  No samples found: skewer
[2020-07-25 18:22:25,686] multiqc                                            [DEBUG  ]  No samples found: sortmerna
[2020-07-25 18:22:25,695] multiqc                                            [DEBUG  ]  No samples found: biobloomtools
[2020-07-25 18:22:25,705] multiqc                                            [DEBUG  ]  No samples found: fastq_screen
[2020-07-25 18:22:25,711] multiqc                                            [DEBUG  ]  No samples found: afterqc
[2020-07-25 18:22:25,720] multiqc                                            [DEBUG  ]  No samples found: fastp
[2020-07-25 18:22:32,335] multiqc.modules.fastqc.fastqc                      [INFO   ]  Found 36 reports
[2020-07-25 18:22:32,846] multiqc                                            [DEBUG  ]  No samples found: minionqc
[2020-07-25 18:22:32,856] multiqc                                            [DEBUG  ]  No samples found: mosdepth
[2020-07-25 18:22:32,866] multiqc                                            [DEBUG  ]  No samples found: clusterflow
[2020-07-25 18:22:32,877] multiqc                                            [DEBUG  ]  No samples found: bcl2fastq
[2020-07-25 18:22:32,886] multiqc                                            [DEBUG  ]  No samples found: interop
[2020-07-25 18:22:32,897] multiqc                                            [DEBUG  ]  No samples found: flash
[2020-07-25 18:22:32,906] multiqc                                            [DEBUG  ]  No samples found: seqyclean
[2020-07-25 18:22:32,988] multiqc                                            [INFO   ]  Compressing plot data
[2020-07-25 18:22:33,923] multiqc                                            [INFO   ]  Report      : ../../../../TempTransfer/NovaSeq/200723_MP8095_fastq/multiqc_report.html
[2020-07-25 18:22:33,925] multiqc                                            [INFO   ]  Data        : ../../../../TempTransfer/NovaSeq/200723_MP8095_fastq/multiqc_data
[2020-07-25 18:22:33,927] multiqc                                            [DEBUG  ]  Moving data file from '/mnt/scratch/710686.1.xfer.q/tmpe98rztfh/multiqc_data/multiqc_general_stats.txt' to '/zfs/cores/mbcfdata/mbcf-seq/TempTransfer/NovaSeq/200723_MP8095_fastq/multiqc_data'
[2020-07-25 18:22:33,935] multiqc                                            [DEBUG  ]  Moving data file from '/mnt/scratch/710686.1.xfer.q/tmpe98rztfh/multiqc_data/multiqc_data.json' to '/zfs/cores/mbcfdata/mbcf-seq/TempTransfer/NovaSeq/200723_MP8095_fastq/multiqc_data'
[2020-07-25 18:22:33,958] multiqc                                            [DEBUG  ]  Moving data file from '/mnt/scratch/710686.1.xfer.q/tmpe98rztfh/multiqc_data/multiqc_qualimap_bamqc_genome_results.txt' to '/zfs/cores/mbcfdata/mbcf-seq/TempTransfer/NovaSeq/200723_MP8095_fastq/multiqc_data'
[2020-07-25 18:22:33,966] multiqc                                            [DEBUG  ]  Moving data file from '/mnt/scratch/710686.1.xfer.q/tmpe98rztfh/multiqc_data/multiqc_fastqc.txt' to '/zfs/cores/mbcfdata/mbcf-seq/TempTransfer/NovaSeq/200723_MP8095_fastq/multiqc_data'
[2020-07-25 18:22:33,973] multiqc                                            [DEBUG  ]  Moving data file from '/mnt/scratch/710686.1.xfer.q/tmpe98rztfh/multiqc_data/multiqc_sources.txt' to '/zfs/cores/mbcfdata/mbcf-seq/TempTransfer/NovaSeq/200723_MP8095_fastq/multiqc_data'
[2020-07-25 18:22:34,632] multiqc                                            [INFO   ]  MultiQC complete
