[2020-10-04 02:03:17,463] multiqc                                            [DEBUG  ]  No MultiQC config found: /programs/x86_64-linux/multiqc/1.8/lib/python3.7/site-packages/multiqc_config.yaml
[2020-10-04 02:03:17,465] multiqc                                            [DEBUG  ]  No MultiQC config found: /home/zth1/.multiqc_config.yaml
[2020-10-04 02:03:17,467] multiqc                                            [DEBUG  ]  No MultiQC config found: multiqc_config.yaml
[2020-10-04 02:03:17,468] multiqc                                            [DEBUG  ]  Command used: /programs/x86_64-linux/multiqc/1.8/bin/multiqc /zfs/cores/mbcfdata/mbcf-seq/TempTransfer/NovaSeq/201001_MP8262_fastq/Reports -o /zfs/cores/mbcfdata/mbcf-seq/TempTransfer/NovaSeq/201001_MP8262_fastq/
[2020-10-04 02:03:18,151] multiqc                                            [WARNING]  MultiQC Version v1.9 now available!
[2020-10-04 02:03:18,153] multiqc                                            [INFO   ]  This is MultiQC v1.8
[2020-10-04 02:03:18,155] multiqc                                            [DEBUG  ]  Command     : /programs/x86_64-linux/multiqc/1.8/bin/multiqc /zfs/cores/mbcfdata/mbcf-seq/TempTransfer/NovaSeq/201001_MP8262_fastq/Reports -o /zfs/cores/mbcfdata/mbcf-seq/TempTransfer/NovaSeq/201001_MP8262_fastq/
[2020-10-04 02:03:18,156] multiqc                                            [DEBUG  ]  Working dir : /zfs/cores/mbcfdata/mbcf-seq/NovaSeq/analysis/201001_A00873_0234_BHHFV2DSXY_RT7950_GB8198_SY8137_SY8251_MP8262_JL8261_AN8256_CC8270_NM8266_EM8016_DS8249/concat_per_sample_fastq
[2020-10-04 02:03:18,157] multiqc                                            [INFO   ]  Template    : default
[2020-10-04 02:03:18,159] multiqc                                            [DEBUG  ]  Running Python 3.7.4 (default, Aug 13 2019, 20:35:49)  [GCC 7.3.0]
[2020-10-04 02:03:18,160] multiqc                                            [INFO   ]  Searching   : /zfs/cores/mbcfdata/mbcf-seq/TempTransfer/NovaSeq/201001_MP8262_fastq/Reports
[2020-10-04 02:03:18,162] multiqc                                            [DEBUG  ]  Analysing modules: custom_content, conpair, peddy, methylQA, phantompeakqualtools, qualimap, preseq, quast, qorts, rna_seqc, rsem, rseqc, busco, goleft_indexcov, disambiguate, supernova, deeptools, sargasso, verifybamid, mirtrace, happy, homer, macs2, theta2, snpeff, gatk, htseq, bcftools, featureCounts, fgbio, dedup, damageprofiler, biobambam2, mtnucratio, picard, prokka, samblaster, samtools, sexdeterrmine, bamtools, jellyfish, vcftools, longranger, stacks, bbmap, bismark, biscuit, hicexplorer, hicup, hicpro, salmon, kallisto, slamdunk, star, hisat2, tophat, bowtie2, bowtie1, kat, leehom, adapterRemoval, clipandmerge, cutadapt, flexbar, trimmomatic, skewer, sortmerna, biobloomtools, fastq_screen, afterqc, fastp, fastqc, minionqc, mosdepth, clusterflow, bcl2fastq, interop, flash, seqyclean
[2020-10-04 02:03:18,166] multiqc                                            [DEBUG  ]  Using temporary directory for creating report: /mnt/scratch/884564.1.all.q/tmplwj0alml
[2020-10-04 02:03:18,289] multiqc                                            [DEBUG  ]  Ignoring file as matched an ignore pattern: 20201001_IRF8_DMSO_MP8262_S88_R2_001_fastqc.html
[2020-10-04 02:03:18,291] multiqc                                            [DEBUG  ]  Ignoring file as matched an ignore pattern: 20201001_MEF2C_VHL_MP8262_S96_R2_001_fastqc.html
[2020-10-04 02:03:18,292] multiqc                                            [DEBUG  ]  Ignoring file as matched an ignore pattern: 20201001_POL_II_Total_DMSO_MP8262_S92_R1_001_fastqc.html
[2020-10-04 02:03:18,293] multiqc                                            [DEBUG  ]  Ignoring file as matched an ignore pattern: 20201001_POL_II_Total_DMSO_MP8262_S92_R2_001_fastqc.html
[2020-10-04 02:03:18,296] multiqc                                            [DEBUG  ]  Ignoring file as matched an ignore pattern: 20201001_MEF2C_VHL_MP8262_S96_R1_001_fastqc.html
[2020-10-04 02:03:18,297] multiqc                                            [DEBUG  ]  Ignoring file as matched an ignore pattern: 20201001_IRF8_DMSO_MP8262_S88_R1_001_fastqc.html
[2020-10-04 02:03:18,300] multiqc                                            [DEBUG  ]  Ignoring file as matched an ignore pattern: 20201001_FLAG_DMSO_MP8262_S93_R2_001_fastqc.html
[2020-10-04 02:03:18,301] multiqc                                            [DEBUG  ]  Ignoring file as matched an ignore pattern: 20201001_MYC_VHL_MP8262_S95_R1_001_fastqc.html
[2020-10-04 02:03:18,302] multiqc                                            [DEBUG  ]  Ignoring file as matched an ignore pattern: 20201001_MED1_DMSO_MP8262_S91_R1_001_fastqc.html
[2020-10-04 02:03:18,303] multiqc                                            [DEBUG  ]  Ignoring file as matched an ignore pattern: 20201001_IRF8_VHL_MP8262_S94_R2_001_fastqc.html
[2020-10-04 02:03:18,305] multiqc                                            [DEBUG  ]  Ignoring file as matched an ignore pattern: 20201001_POL_II_Total_VHL_MP8262_S98_R2_001_fastqc.html
[2020-10-04 02:03:18,306] multiqc                                            [DEBUG  ]  Ignoring file as matched an ignore pattern: 20201001_MEF2C_DMSO_MP8262_S90_R2_001_fastqc.html
[2020-10-04 02:03:18,307] multiqc                                            [DEBUG  ]  Ignoring file as matched an ignore pattern: 20201001_MYC_DMSO_MP8262_S89_R2_001_fastqc.html
[2020-10-04 02:03:18,308] multiqc                                            [DEBUG  ]  Ignoring file as matched an ignore pattern: 20201001_FLAG_VHL_MP8262_S99_R1_001_fastqc.html
[2020-10-04 02:03:18,309] multiqc                                            [DEBUG  ]  Ignoring file as matched an ignore pattern: 20201001_MED1_VHL_MP8262_S97_R1_001_fastqc.html
[2020-10-04 02:03:18,312] multiqc                                            [DEBUG  ]  Ignoring file as matched an ignore pattern: 20201001_MEF2C_DMSO_MP8262_S90_R1_001_fastqc.html
[2020-10-04 02:03:18,313] multiqc                                            [DEBUG  ]  Ignoring file as matched an ignore pattern: 20201001_MED1_VHL_MP8262_S97_R2_001_fastqc.html
[2020-10-04 02:03:18,313] multiqc                                            [DEBUG  ]  Ignoring file as matched an ignore pattern: 20201001_FLAG_VHL_MP8262_S99_R2_001_fastqc.html
[2020-10-04 02:03:18,314] multiqc                                            [DEBUG  ]  Ignoring file as matched an ignore pattern: 20201001_MYC_DMSO_MP8262_S89_R1_001_fastqc.html
[2020-10-04 02:03:18,315] multiqc                                            [DEBUG  ]  Ignoring file as matched an ignore pattern: 20201001_IRF8_VHL_MP8262_S94_R1_001_fastqc.html
[2020-10-04 02:03:18,316] multiqc                                            [DEBUG  ]  Ignoring file as matched an ignore pattern: 20201001_MED1_DMSO_MP8262_S91_R2_001_fastqc.html
[2020-10-04 02:03:18,318] multiqc                                            [DEBUG  ]  Ignoring file as matched an ignore pattern: 20201001_POL_II_Total_VHL_MP8262_S98_R1_001_fastqc.html
[2020-10-04 02:03:18,319] multiqc                                            [DEBUG  ]  Ignoring file as matched an ignore pattern: 20201001_MYC_VHL_MP8262_S95_R2_001_fastqc.html
[2020-10-04 02:03:18,320] multiqc                                            [DEBUG  ]  Ignoring file as matched an ignore pattern: 20201001_FLAG_DMSO_MP8262_S93_R1_001_fastqc.html
[2020-10-04 02:03:18,653] multiqc.plots.bargraph                             [DEBUG  ]  Using matplotlib version 2.2.5
[2020-10-04 02:03:18,655] multiqc.plots.linegraph                            [DEBUG  ]  Using matplotlib version 2.2.5
[2020-10-04 02:03:18,659] multiqc                                            [DEBUG  ]  No samples found: custom_content
[2020-10-04 02:03:18,668] multiqc                                            [DEBUG  ]  No samples found: conpair
[2020-10-04 02:03:18,677] multiqc                                            [DEBUG  ]  No samples found: peddy
[2020-10-04 02:03:18,684] multiqc                                            [DEBUG  ]  No samples found: methylQA
[2020-10-04 02:03:18,690] multiqc                                            [DEBUG  ]  No samples found: phantompeakqualtools
[2020-10-04 02:03:18,703] multiqc                                            [DEBUG  ]  No samples found: qualimap
[2020-10-04 02:03:18,710] multiqc                                            [DEBUG  ]  No samples found: preseq
[2020-10-04 02:03:18,717] multiqc                                            [DEBUG  ]  No samples found: quast
[2020-10-04 02:03:18,723] multiqc                                            [DEBUG  ]  No samples found: qorts
[2020-10-04 02:03:18,730] multiqc                                            [DEBUG  ]  No samples found: rna_seqc
[2020-10-04 02:03:18,736] multiqc                                            [DEBUG  ]  No samples found: rsem
[2020-10-04 02:03:18,749] multiqc                                            [DEBUG  ]  No samples found: rseqc
[2020-10-04 02:03:18,756] multiqc                                            [DEBUG  ]  No samples found: busco
[2020-10-04 02:03:18,762] multiqc                                            [DEBUG  ]  No samples found: goleft_indexcov
[2020-10-04 02:03:18,769] multiqc                                            [DEBUG  ]  No samples found: disambiguate
[2020-10-04 02:03:18,775] multiqc                                            [DEBUG  ]  No samples found: supernova
[2020-10-04 02:03:18,788] multiqc                                            [DEBUG  ]  No samples found: deeptools
[2020-10-04 02:03:18,795] multiqc                                            [DEBUG  ]  No samples found: sargasso
[2020-10-04 02:03:18,803] multiqc                                            [DEBUG  ]  No samples found: verifybamid
[2020-10-04 02:03:18,810] multiqc                                            [DEBUG  ]  No samples found: mirtrace
[2020-10-04 02:03:18,817] multiqc                                            [DEBUG  ]  No samples found: happy
[2020-10-04 02:03:18,825] multiqc                                            [DEBUG  ]  No samples found: homer
[2020-10-04 02:03:18,832] multiqc                                            [DEBUG  ]  No samples found: macs2
[2020-10-04 02:03:18,839] multiqc                                            [DEBUG  ]  No samples found: theta2
[2020-10-04 02:03:18,846] multiqc                                            [DEBUG  ]  No samples found: snpeff
[2020-10-04 02:03:18,855] multiqc                                            [DEBUG  ]  No samples found: gatk
[2020-10-04 02:03:18,861] multiqc                                            [DEBUG  ]  No samples found: htseq
[2020-10-04 02:03:18,869] multiqc                                            [DEBUG  ]  No samples found: bcftools
[2020-10-04 02:03:18,877] multiqc                                            [DEBUG  ]  No samples found: featureCounts
[2020-10-04 02:03:18,885] multiqc                                            [DEBUG  ]  No samples found: fgbio
[2020-10-04 02:03:18,892] multiqc                                            [DEBUG  ]  No samples found: dedup
[2020-10-04 02:03:18,900] multiqc                                            [DEBUG  ]  No samples found: damageprofiler
[2020-10-04 02:03:18,923] multiqc                                            [DEBUG  ]  No samples found: biobambam2
[2020-10-04 02:03:18,929] multiqc                                            [DEBUG  ]  No samples found: mtnucratio
[2020-10-04 02:03:18,933] multiqc                                            [DEBUG  ]  No samples found: picard
[2020-10-04 02:03:18,940] multiqc                                            [DEBUG  ]  No samples found: prokka
[2020-10-04 02:03:18,947] multiqc                                            [DEBUG  ]  No samples found: samblaster
[2020-10-04 02:03:18,957] multiqc                                            [DEBUG  ]  No samples found: samtools
[2020-10-04 02:03:18,965] multiqc                                            [DEBUG  ]  No samples found: sexdeterrmine
[2020-10-04 02:03:18,973] multiqc                                            [DEBUG  ]  No samples found: bamtools
[2020-10-04 02:03:18,980] multiqc                                            [DEBUG  ]  No samples found: jellyfish
[2020-10-04 02:03:18,988] multiqc                                            [DEBUG  ]  No samples found: vcftools
[2020-10-04 02:03:18,995] multiqc                                            [DEBUG  ]  No samples found: longranger
[2020-10-04 02:03:19,001] multiqc                                            [DEBUG  ]  No samples found: stacks
[2020-10-04 02:03:19,015] multiqc                                            [DEBUG  ]  No samples found: bbmap
[2020-10-04 02:03:19,022] multiqc                                            [DEBUG  ]  No samples found: bismark
[2020-10-04 02:03:19,030] multiqc                                            [DEBUG  ]  No samples found: biscuit
[2020-10-04 02:03:19,037] multiqc                                            [DEBUG  ]  No samples found: hicexplorer
[2020-10-04 02:03:19,044] multiqc                                            [DEBUG  ]  No samples found: hicup
[2020-10-04 02:03:19,051] multiqc                                            [DEBUG  ]  No samples found: hicpro
[2020-10-04 02:03:19,058] multiqc                                            [DEBUG  ]  No samples found: salmon
[2020-10-04 02:03:19,064] multiqc                                            [DEBUG  ]  No samples found: kallisto
[2020-10-04 02:03:19,071] multiqc                                            [DEBUG  ]  No samples found: slamdunk
[2020-10-04 02:03:19,078] multiqc                                            [DEBUG  ]  No samples found: star
[2020-10-04 02:03:19,084] multiqc                                            [DEBUG  ]  No samples found: hisat2
[2020-10-04 02:03:19,091] multiqc                                            [DEBUG  ]  No samples found: tophat
[2020-10-04 02:03:19,098] multiqc                                            [DEBUG  ]  No samples found: bowtie2
[2020-10-04 02:03:19,104] multiqc                                            [DEBUG  ]  No samples found: bowtie1
[2020-10-04 02:03:19,111] multiqc                                            [DEBUG  ]  No samples found: kat
[2020-10-04 02:03:19,118] multiqc                                            [DEBUG  ]  No samples found: leehom
[2020-10-04 02:03:19,125] multiqc                                            [DEBUG  ]  No samples found: adapterRemoval
[2020-10-04 02:03:19,131] multiqc                                            [DEBUG  ]  No samples found: clipandmerge
[2020-10-04 02:03:19,138] multiqc                                            [DEBUG  ]  No samples found: cutadapt
[2020-10-04 02:03:19,146] multiqc                                            [DEBUG  ]  No samples found: flexbar
[2020-10-04 02:03:19,153] multiqc                                            [DEBUG  ]  No samples found: trimmomatic
[2020-10-04 02:03:19,163] multiqc                                            [DEBUG  ]  No samples found: skewer
[2020-10-04 02:03:19,171] multiqc                                            [DEBUG  ]  No samples found: sortmerna
[2020-10-04 02:03:19,179] multiqc                                            [DEBUG  ]  No samples found: biobloomtools
[2020-10-04 02:03:19,187] multiqc                                            [DEBUG  ]  No samples found: fastq_screen
[2020-10-04 02:03:19,194] multiqc                                            [DEBUG  ]  No samples found: afterqc
[2020-10-04 02:03:19,202] multiqc                                            [DEBUG  ]  No samples found: fastp
[2020-10-04 02:03:22,458] multiqc.modules.fastqc.fastqc                      [INFO   ]  Found 24 reports
[2020-10-04 02:03:22,726] multiqc                                            [DEBUG  ]  No samples found: minionqc
[2020-10-04 02:03:22,736] multiqc                                            [DEBUG  ]  No samples found: mosdepth
[2020-10-04 02:03:22,744] multiqc                                            [DEBUG  ]  No samples found: clusterflow
[2020-10-04 02:03:22,752] multiqc                                            [DEBUG  ]  No samples found: bcl2fastq
[2020-10-04 02:03:22,759] multiqc                                            [DEBUG  ]  No samples found: interop
[2020-10-04 02:03:22,767] multiqc                                            [DEBUG  ]  No samples found: flash
[2020-10-04 02:03:22,774] multiqc                                            [DEBUG  ]  No samples found: seqyclean
[2020-10-04 02:03:22,821] multiqc                                            [INFO   ]  Compressing plot data
[2020-10-04 02:03:23,242] multiqc                                            [INFO   ]  Report      : ../../../../TempTransfer/NovaSeq/201001_MP8262_fastq/multiqc_report.html
[2020-10-04 02:03:23,244] multiqc                                            [INFO   ]  Data        : ../../../../TempTransfer/NovaSeq/201001_MP8262_fastq/multiqc_data
[2020-10-04 02:03:23,247] multiqc                                            [DEBUG  ]  Moving data file from '/mnt/scratch/884564.1.all.q/tmplwj0alml/multiqc_data/multiqc_data.json' to '/zfs/cores/mbcfdata/mbcf-seq/TempTransfer/NovaSeq/201001_MP8262_fastq/multiqc_data'
[2020-10-04 02:03:23,267] multiqc                                            [DEBUG  ]  Moving data file from '/mnt/scratch/884564.1.all.q/tmplwj0alml/multiqc_data/multiqc_qualimap_bamqc_genome_results.txt' to '/zfs/cores/mbcfdata/mbcf-seq/TempTransfer/NovaSeq/201001_MP8262_fastq/multiqc_data'
[2020-10-04 02:03:23,276] multiqc                                            [DEBUG  ]  Moving data file from '/mnt/scratch/884564.1.all.q/tmplwj0alml/multiqc_data/multiqc_fastqc.txt' to '/zfs/cores/mbcfdata/mbcf-seq/TempTransfer/NovaSeq/201001_MP8262_fastq/multiqc_data'
[2020-10-04 02:03:23,285] multiqc                                            [DEBUG  ]  Moving data file from '/mnt/scratch/884564.1.all.q/tmplwj0alml/multiqc_data/multiqc_sources.txt' to '/zfs/cores/mbcfdata/mbcf-seq/TempTransfer/NovaSeq/201001_MP8262_fastq/multiqc_data'
[2020-10-04 02:03:23,294] multiqc                                            [DEBUG  ]  Moving data file from '/mnt/scratch/884564.1.all.q/tmplwj0alml/multiqc_data/multiqc_general_stats.txt' to '/zfs/cores/mbcfdata/mbcf-seq/TempTransfer/NovaSeq/201001_MP8262_fastq/multiqc_data'
[2020-10-04 02:03:23,946] multiqc                                            [INFO   ]  MultiQC complete
