Jan-08 18:04:42.091 [main] DEBUG nextflow.cli.Launcher - $> nextflow run jkobject/chipseq --paired_end --seq_center DFCI --email jkobject@gmail.com --input ../nextflow/MEF2C_v2_degraded_design.csv --genome GRCh38 --max_cpus 16 -profile jkcloud -w 'gs://workamlproject/MEF2C_v2res' --spiking --outdir 'gs://workamlproject/MEF2C_v2' --tracedir ../nextflow/MEF2C_v2/
Jan-08 18:04:42.205 [main] INFO  nextflow.cli.CmdRun - N E X T F L O W  ~  version 20.07.1
Jan-08 18:04:43.281 [main] DEBUG nextflow.scm.AssetManager - Git config: /root/.nextflow/assets/jkobject/chipseq/.git/config; branch: master; remote: origin; url: https://github.com/jkobject/chipseq.git
Jan-08 18:04:43.306 [main] DEBUG nextflow.scm.AssetManager - Git config: /root/.nextflow/assets/jkobject/chipseq/.git/config; branch: master; remote: origin; url: https://github.com/jkobject/chipseq.git
Jan-08 18:04:43.518 [main] DEBUG nextflow.scm.AssetManager - Git config: /root/.nextflow/assets/jkobject/chipseq/.git/config; branch: master; remote: origin; url: https://github.com/jkobject/chipseq.git
Jan-08 18:04:43.519 [main] INFO  nextflow.cli.CmdRun - Launching `jkobject/chipseq` [angry_heyrovsky] - revision: 9b3f6fe777 [master]
Jan-08 18:04:44.500 [main] INFO  nextflow.scm.AssetManager - NOTE: Your local project version looks outdated - a different revision is available in the remote repository [7b6f3c1bac]
Jan-08 18:04:44.538 [main] DEBUG nextflow.config.ConfigBuilder - Found config base: /root/.nextflow/assets/jkobject/chipseq/nextflow.config
Jan-08 18:04:44.540 [main] DEBUG nextflow.config.ConfigBuilder - Parsing config file: /root/.nextflow/assets/jkobject/chipseq/nextflow.config
Jan-08 18:04:44.555 [main] DEBUG nextflow.config.ConfigBuilder - Applying config profile: `jkcloud`
Jan-08 18:04:45.362 [main] DEBUG nextflow.config.ConfigBuilder - Available config profiles: [cfc_dev, denbi_qbic, bi, genotoul, bigpurple, uppmax, abims, imperial_mb, docker, gis, utd_ganymede, mpcdf, conda, singularity, icr_davros, munin, prince, czbiohub_aws, hebbe, cfc, uzh, ccga_med, debug, test, genouest, cbe, ebc, ccga_dx, crick, google, kraken, phoenix, shh, awsbatch, pasteur, uct_hpc, imperial, test_full, binac]
Jan-08 18:04:45.399 [main] DEBUG nextflow.cli.Launcher - Operation aborted
nextflow.exception.AbortOperationException: Unknown configuration profile: 'jkcloud'
	at java.base/jdk.internal.reflect.NativeConstructorAccessorImpl.newInstance0(Native Method)
	at java.base/jdk.internal.reflect.NativeConstructorAccessorImpl.newInstance(NativeConstructorAccessorImpl.java:62)
	at java.base/jdk.internal.reflect.DelegatingConstructorAccessorImpl.newInstance(DelegatingConstructorAccessorImpl.java:45)
	at java.base/java.lang.reflect.Constructor.newInstance(Constructor.java:490)
	at org.codehaus.groovy.reflection.CachedConstructor.invoke(CachedConstructor.java:80)
	at org.codehaus.groovy.reflection.CachedConstructor.doConstructorInvoke(CachedConstructor.java:74)
	at org.codehaus.groovy.runtime.callsite.ConstructorSite$ConstructorSiteNoUnwrap.callConstructor(ConstructorSite.java:84)
	at org.codehaus.groovy.runtime.callsite.CallSiteArray.defaultCallConstructor(CallSiteArray.java:59)
	at org.codehaus.groovy.runtime.callsite.AbstractCallSite.callConstructor(AbstractCallSite.java:237)
	at org.codehaus.groovy.runtime.callsite.AbstractCallSite.callConstructor(AbstractCallSite.java:249)
	at nextflow.config.ConfigBuilder.checkValidProfile(ConfigBuilder.groovy:481)
	at java.base/jdk.internal.reflect.NativeMethodAccessorImpl.invoke0(Native Method)
	at java.base/jdk.internal.reflect.NativeMethodAccessorImpl.invoke(NativeMethodAccessorImpl.java:62)
	at java.base/jdk.internal.reflect.DelegatingMethodAccessorImpl.invoke(DelegatingMethodAccessorImpl.java:43)
	at java.base/java.lang.reflect.Method.invoke(Method.java:566)
	at org.codehaus.groovy.runtime.callsite.PlainObjectMetaMethodSite.doInvoke(PlainObjectMetaMethodSite.java:43)
	at org.codehaus.groovy.runtime.callsite.PogoMetaMethodSite$PogoCachedMethodSiteNoUnwrapNoCoerce.invoke(PogoMetaMethodSite.java:190)
	at org.codehaus.groovy.runtime.callsite.PogoMetaMethodSite.callCurrent(PogoMetaMethodSite.java:58)
	at org.codehaus.groovy.runtime.callsite.CallSiteArray.defaultCallCurrent(CallSiteArray.java:51)
	at org.codehaus.groovy.runtime.callsite.AbstractCallSite.callCurrent(AbstractCallSite.java:156)
	at org.codehaus.groovy.runtime.callsite.AbstractCallSite.callCurrent(AbstractCallSite.java:168)
	at nextflow.config.ConfigBuilder.buildConfig0(ConfigBuilder.groovy:355)
	at java.base/jdk.internal.reflect.NativeMethodAccessorImpl.invoke0(Native Method)
	at java.base/jdk.internal.reflect.NativeMethodAccessorImpl.invoke(NativeMethodAccessorImpl.java:62)
	at java.base/jdk.internal.reflect.DelegatingMethodAccessorImpl.invoke(DelegatingMethodAccessorImpl.java:43)
	at java.base/java.lang.reflect.Method.invoke(Method.java:566)
	at org.codehaus.groovy.runtime.callsite.PlainObjectMetaMethodSite.doInvoke(PlainObjectMetaMethodSite.java:43)
	at org.codehaus.groovy.runtime.callsite.PogoMetaMethodSite$PogoCachedMethodSiteNoUnwrapNoCoerce.invoke(PogoMetaMethodSite.java:190)
	at org.codehaus.groovy.runtime.callsite.PogoMetaMethodSite.callCurrent(PogoMetaMethodSite.java:58)
	at org.codehaus.groovy.runtime.callsite.CallSiteArray.defaultCallCurrent(CallSiteArray.java:51)
	at org.codehaus.groovy.runtime.callsite.AbstractCallSite.callCurrent(AbstractCallSite.java:156)
	at org.codehaus.groovy.runtime.callsite.AbstractCallSite.callCurrent(AbstractCallSite.java:176)
	at nextflow.config.ConfigBuilder.buildGivenFiles(ConfigBuilder.groovy:306)
	at java.base/jdk.internal.reflect.NativeMethodAccessorImpl.invoke0(Native Method)
	at java.base/jdk.internal.reflect.NativeMethodAccessorImpl.invoke(NativeMethodAccessorImpl.java:62)
	at java.base/jdk.internal.reflect.DelegatingMethodAccessorImpl.invoke(DelegatingMethodAccessorImpl.java:43)
	at java.base/java.lang.reflect.Method.invoke(Method.java:566)
	at org.codehaus.groovy.runtime.callsite.PlainObjectMetaMethodSite.doInvoke(PlainObjectMetaMethodSite.java:43)
	at org.codehaus.groovy.runtime.callsite.PogoMetaMethodSite$PogoCachedMethodSiteNoUnwrapNoCoerce.invoke(PogoMetaMethodSite.java:190)
	at org.codehaus.groovy.runtime.callsite.PogoMetaMethodSite.callCurrent(PogoMetaMethodSite.java:58)
	at org.codehaus.groovy.runtime.callsite.CallSiteArray.defaultCallCurrent(CallSiteArray.java:51)
	at org.codehaus.groovy.runtime.callsite.AbstractCallSite.callCurrent(AbstractCallSite.java:156)
	at org.codehaus.groovy.runtime.callsite.AbstractCallSite.callCurrent(AbstractCallSite.java:168)
	at nextflow.config.ConfigBuilder.buildConfigObject(ConfigBuilder.groovy:710)
	at nextflow.config.ConfigBuilder.build(ConfigBuilder.groovy:723)
	at nextflow.script.ScriptRunner.<init>(ScriptRunner.groovy:85)
	at nextflow.cli.CmdRun.run(CmdRun.groovy:255)
	at nextflow.cli.Launcher.run(Launcher.groovy:466)
	at nextflow.cli.Launcher.main(Launcher.groovy:648)
