[2020-09-27 19:38:41,785] multiqc                                            [DEBUG  ]  No MultiQC config found: /programs/x86_64-linux/multiqc/1.8/lib/python3.7/site-packages/multiqc_config.yaml
[2020-09-27 19:38:41,786] multiqc                                            [DEBUG  ]  No MultiQC config found: /home/zth1/.multiqc_config.yaml
[2020-09-27 19:38:41,788] multiqc                                            [DEBUG  ]  No MultiQC config found: multiqc_config.yaml
[2020-09-27 19:38:41,788] multiqc                                            [DEBUG  ]  Command used: /programs/x86_64-linux/multiqc/1.8/bin/multiqc /zfs/cores/mbcfdata/mbcf-seq/TempTransfer/NovaSeq/200924_MP8230_fastq/Reports -o /zfs/cores/mbcfdata/mbcf-seq/TempTransfer/NovaSeq/200924_MP8230_fastq/
[2020-09-27 19:38:42,456] multiqc                                            [WARNING]  MultiQC Version v1.9 now available!
[2020-09-27 19:38:42,457] multiqc                                            [INFO   ]  This is MultiQC v1.8
[2020-09-27 19:38:42,459] multiqc                                            [DEBUG  ]  Command     : /programs/x86_64-linux/multiqc/1.8/bin/multiqc /zfs/cores/mbcfdata/mbcf-seq/TempTransfer/NovaSeq/200924_MP8230_fastq/Reports -o /zfs/cores/mbcfdata/mbcf-seq/TempTransfer/NovaSeq/200924_MP8230_fastq/
[2020-09-27 19:38:42,459] multiqc                                            [DEBUG  ]  Working dir : /zfs/cores/mbcfdata/mbcf-seq/NovaSeq/analysis/200924_A00873_0228_AHHGT3DSXY_20200924_LS8195_KH8213_MP8214_SS8228_AF8253_JK8171_MP8230_HW8220_SY8236_SS8252_BJ8246_MP8227_BC8237_MP8259/concat_per_sample_fastq
[2020-09-27 19:38:42,460] multiqc                                            [INFO   ]  Template    : default
[2020-09-27 19:38:42,461] multiqc                                            [DEBUG  ]  Running Python 3.7.4 (default, Aug 13 2019, 20:35:49)  [GCC 7.3.0]
[2020-09-27 19:38:42,462] multiqc                                            [INFO   ]  Searching   : /zfs/cores/mbcfdata/mbcf-seq/TempTransfer/NovaSeq/200924_MP8230_fastq/Reports
[2020-09-27 19:38:42,464] multiqc                                            [DEBUG  ]  Analysing modules: custom_content, conpair, peddy, methylQA, phantompeakqualtools, qualimap, preseq, quast, qorts, rna_seqc, rsem, rseqc, busco, goleft_indexcov, disambiguate, supernova, deeptools, sargasso, verifybamid, mirtrace, happy, homer, macs2, theta2, snpeff, gatk, htseq, bcftools, featureCounts, fgbio, dedup, damageprofiler, biobambam2, mtnucratio, picard, prokka, samblaster, samtools, sexdeterrmine, bamtools, jellyfish, vcftools, longranger, stacks, bbmap, bismark, biscuit, hicexplorer, hicup, hicpro, salmon, kallisto, slamdunk, star, hisat2, tophat, bowtie2, bowtie1, kat, leehom, adapterRemoval, clipandmerge, cutadapt, flexbar, trimmomatic, skewer, sortmerna, biobloomtools, fastq_screen, afterqc, fastp, fastqc, minionqc, mosdepth, clusterflow, bcl2fastq, interop, flash, seqyclean
[2020-09-27 19:38:42,466] multiqc                                            [DEBUG  ]  Using temporary directory for creating report: /mnt/scratch/871142.1.all.q/tmpkwfkbfep
[2020-09-27 19:38:42,671] multiqc                                            [DEBUG  ]  Ignoring file as matched an ignore pattern: 20200924_MP5_MP8230_S117_R2_001_fastqc.html
[2020-09-27 19:38:42,672] multiqc                                            [DEBUG  ]  Ignoring file as matched an ignore pattern: 20200924_MP2_MP8230_S114_R2_001_fastqc.html
[2020-09-27 19:38:42,673] multiqc                                            [DEBUG  ]  Ignoring file as matched an ignore pattern: 20200924_MP6_MP8230_S118_R2_001_fastqc.html
[2020-09-27 19:38:42,681] multiqc                                            [DEBUG  ]  Ignoring file as matched an ignore pattern: 20200924_MP8_MP8230_S120_R2_001_fastqc.html
[2020-09-27 19:38:42,685] multiqc                                            [DEBUG  ]  Ignoring file as matched an ignore pattern: 20200924_MP8_MP8230_S120_R1_001_fastqc.html
[2020-09-27 19:38:42,686] multiqc                                            [DEBUG  ]  Ignoring file as matched an ignore pattern: 20200924_MP2_MP8230_S114_R1_001_fastqc.html
[2020-09-27 19:38:42,690] multiqc                                            [DEBUG  ]  Ignoring file as matched an ignore pattern: 20200924_MP6_MP8230_S118_R1_001_fastqc.html
[2020-09-27 19:38:42,703] multiqc                                            [DEBUG  ]  Ignoring file as matched an ignore pattern: 20200924_MP5_MP8230_S117_R1_001_fastqc.html
[2020-09-27 19:38:42,703] multiqc                                            [DEBUG  ]  Ignoring file as matched an ignore pattern: 20200924_MP4_MP8230_S116_R2_001_fastqc.html
[2020-09-27 19:38:42,704] multiqc                                            [DEBUG  ]  Ignoring file as matched an ignore pattern: 20200924_MP7_MP8230_S119_R2_001_fastqc.html
[2020-09-27 19:38:42,705] multiqc                                            [DEBUG  ]  Ignoring file as matched an ignore pattern: 20200924_MP3_MP8230_S115_R2_001_fastqc.html
[2020-09-27 19:38:42,706] multiqc                                            [DEBUG  ]  Ignoring file as matched an ignore pattern: 20200924_MP1_MP8230_S113_R2_001_fastqc.html
[2020-09-27 19:38:42,708] multiqc                                            [DEBUG  ]  Ignoring file as matched an ignore pattern: 20200924_MP7_MP8230_S119_R1_001_fastqc.html
[2020-09-27 19:38:42,708] multiqc                                            [DEBUG  ]  Ignoring file as matched an ignore pattern: 20200924_MP1_MP8230_S113_R1_001_fastqc.html
[2020-09-27 19:38:42,709] multiqc                                            [DEBUG  ]  Ignoring file as matched an ignore pattern: 20200924_MP3_MP8230_S115_R1_001_fastqc.html
[2020-09-27 19:38:42,710] multiqc                                            [DEBUG  ]  Ignoring file as matched an ignore pattern: 20200924_MP4_MP8230_S116_R1_001_fastqc.html
[2020-09-27 19:38:43,263] multiqc.plots.bargraph                             [DEBUG  ]  Using matplotlib version 2.2.5
[2020-09-27 19:38:43,265] multiqc.plots.linegraph                            [DEBUG  ]  Using matplotlib version 2.2.5
[2020-09-27 19:38:43,267] multiqc                                            [DEBUG  ]  No samples found: custom_content
[2020-09-27 19:38:43,272] multiqc                                            [DEBUG  ]  No samples found: conpair
[2020-09-27 19:38:43,280] multiqc                                            [DEBUG  ]  No samples found: peddy
[2020-09-27 19:38:43,289] multiqc                                            [DEBUG  ]  No samples found: methylQA
[2020-09-27 19:38:43,304] multiqc                                            [DEBUG  ]  No samples found: phantompeakqualtools
[2020-09-27 19:38:43,314] multiqc                                            [DEBUG  ]  No samples found: qualimap
[2020-09-27 19:38:43,320] multiqc                                            [DEBUG  ]  No samples found: preseq
[2020-09-27 19:38:43,330] multiqc                                            [DEBUG  ]  No samples found: quast
[2020-09-27 19:38:43,339] multiqc                                            [DEBUG  ]  No samples found: qorts
[2020-09-27 19:38:43,352] multiqc                                            [DEBUG  ]  No samples found: rna_seqc
[2020-09-27 19:38:43,358] multiqc                                            [DEBUG  ]  No samples found: rsem
[2020-09-27 19:38:43,377] multiqc                                            [DEBUG  ]  No samples found: rseqc
[2020-09-27 19:38:43,404] multiqc                                            [DEBUG  ]  No samples found: busco
[2020-09-27 19:38:43,410] multiqc                                            [DEBUG  ]  No samples found: goleft_indexcov
[2020-09-27 19:38:43,416] multiqc                                            [DEBUG  ]  No samples found: disambiguate
[2020-09-27 19:38:43,423] multiqc                                            [DEBUG  ]  No samples found: supernova
[2020-09-27 19:38:43,438] multiqc                                            [DEBUG  ]  No samples found: deeptools
[2020-09-27 19:38:43,444] multiqc                                            [DEBUG  ]  No samples found: sargasso
[2020-09-27 19:38:43,472] multiqc                                            [DEBUG  ]  No samples found: verifybamid
[2020-09-27 19:38:43,483] multiqc                                            [DEBUG  ]  No samples found: mirtrace
[2020-09-27 19:38:43,488] multiqc                                            [DEBUG  ]  No samples found: happy
[2020-09-27 19:38:43,497] multiqc                                            [DEBUG  ]  No samples found: homer
[2020-09-27 19:38:43,503] multiqc                                            [DEBUG  ]  No samples found: macs2
[2020-09-27 19:38:43,510] multiqc                                            [DEBUG  ]  No samples found: theta2
[2020-09-27 19:38:43,544] multiqc                                            [DEBUG  ]  No samples found: snpeff
[2020-09-27 19:38:43,565] multiqc                                            [DEBUG  ]  No samples found: gatk
[2020-09-27 19:38:43,571] multiqc                                            [DEBUG  ]  No samples found: htseq
[2020-09-27 19:38:43,580] multiqc                                            [DEBUG  ]  No samples found: bcftools
[2020-09-27 19:38:43,599] multiqc                                            [DEBUG  ]  No samples found: featureCounts
[2020-09-27 19:38:43,605] multiqc                                            [DEBUG  ]  No samples found: fgbio
[2020-09-27 19:38:43,652] multiqc                                            [DEBUG  ]  No samples found: dedup
[2020-09-27 19:38:43,657] multiqc                                            [DEBUG  ]  No samples found: damageprofiler
[2020-09-27 19:38:43,682] multiqc                                            [DEBUG  ]  No samples found: biobambam2
[2020-09-27 19:38:43,699] multiqc                                            [DEBUG  ]  No samples found: mtnucratio
[2020-09-27 19:38:43,703] multiqc                                            [DEBUG  ]  No samples found: picard
[2020-09-27 19:38:43,708] multiqc                                            [DEBUG  ]  No samples found: prokka
[2020-09-27 19:38:43,712] multiqc                                            [DEBUG  ]  No samples found: samblaster
[2020-09-27 19:38:43,726] multiqc                                            [DEBUG  ]  No samples found: samtools
[2020-09-27 19:38:43,735] multiqc                                            [DEBUG  ]  No samples found: sexdeterrmine
[2020-09-27 19:38:43,740] multiqc                                            [DEBUG  ]  No samples found: bamtools
[2020-09-27 19:38:43,750] multiqc                                            [DEBUG  ]  No samples found: jellyfish
[2020-09-27 19:38:43,761] multiqc                                            [DEBUG  ]  No samples found: vcftools
[2020-09-27 19:38:43,771] multiqc                                            [DEBUG  ]  No samples found: longranger
[2020-09-27 19:38:43,796] multiqc                                            [DEBUG  ]  No samples found: stacks
[2020-09-27 19:38:43,824] multiqc                                            [DEBUG  ]  No samples found: bbmap
[2020-09-27 19:38:43,830] multiqc                                            [DEBUG  ]  No samples found: bismark
[2020-09-27 19:38:43,842] multiqc                                            [DEBUG  ]  No samples found: biscuit
[2020-09-27 19:38:43,856] multiqc                                            [DEBUG  ]  No samples found: hicexplorer
[2020-09-27 19:38:43,861] multiqc                                            [DEBUG  ]  No samples found: hicup
[2020-09-27 19:38:43,880] multiqc                                            [DEBUG  ]  No samples found: hicpro
[2020-09-27 19:38:43,888] multiqc                                            [DEBUG  ]  No samples found: salmon
[2020-09-27 19:38:43,894] multiqc                                            [DEBUG  ]  No samples found: kallisto
[2020-09-27 19:38:43,907] multiqc                                            [DEBUG  ]  No samples found: slamdunk
[2020-09-27 19:38:43,916] multiqc                                            [DEBUG  ]  No samples found: star
[2020-09-27 19:38:43,923] multiqc                                            [DEBUG  ]  No samples found: hisat2
[2020-09-27 19:38:43,934] multiqc                                            [DEBUG  ]  No samples found: tophat
[2020-09-27 19:38:43,952] multiqc                                            [DEBUG  ]  No samples found: bowtie2
[2020-09-27 19:38:43,957] multiqc                                            [DEBUG  ]  No samples found: bowtie1
[2020-09-27 19:38:43,967] multiqc                                            [DEBUG  ]  No samples found: kat
[2020-09-27 19:38:43,978] multiqc                                            [DEBUG  ]  No samples found: leehom
[2020-09-27 19:38:43,984] multiqc                                            [DEBUG  ]  No samples found: adapterRemoval
[2020-09-27 19:38:44,000] multiqc                                            [DEBUG  ]  No samples found: clipandmerge
[2020-09-27 19:38:44,027] multiqc                                            [DEBUG  ]  No samples found: cutadapt
[2020-09-27 19:38:44,034] multiqc                                            [DEBUG  ]  No samples found: flexbar
[2020-09-27 19:38:44,039] multiqc                                            [DEBUG  ]  No samples found: trimmomatic
[2020-09-27 19:38:44,044] multiqc                                            [DEBUG  ]  No samples found: skewer
[2020-09-27 19:38:44,052] multiqc                                            [DEBUG  ]  No samples found: sortmerna
[2020-09-27 19:38:44,057] multiqc                                            [DEBUG  ]  No samples found: biobloomtools
[2020-09-27 19:38:44,067] multiqc                                            [DEBUG  ]  No samples found: fastq_screen
[2020-09-27 19:38:44,072] multiqc                                            [DEBUG  ]  No samples found: afterqc
[2020-09-27 19:38:44,077] multiqc                                            [DEBUG  ]  No samples found: fastp
[2020-09-27 19:38:49,395] multiqc.modules.fastqc.fastqc                      [INFO   ]  Found 16 reports
[2020-09-27 19:38:49,854] multiqc                                            [DEBUG  ]  No samples found: minionqc
[2020-09-27 19:38:49,861] multiqc                                            [DEBUG  ]  No samples found: mosdepth
[2020-09-27 19:38:49,867] multiqc                                            [DEBUG  ]  No samples found: clusterflow
[2020-09-27 19:38:49,880] multiqc                                            [DEBUG  ]  No samples found: bcl2fastq
[2020-09-27 19:38:49,885] multiqc                                            [DEBUG  ]  No samples found: interop
[2020-09-27 19:38:49,890] multiqc                                            [DEBUG  ]  No samples found: flash
[2020-09-27 19:38:49,904] multiqc                                            [DEBUG  ]  No samples found: seqyclean
[2020-09-27 19:38:49,955] multiqc                                            [INFO   ]  Compressing plot data
[2020-09-27 19:38:50,390] multiqc                                            [INFO   ]  Report      : ../../../../TempTransfer/NovaSeq/200924_MP8230_fastq/multiqc_report.html
[2020-09-27 19:38:50,392] multiqc                                            [INFO   ]  Data        : ../../../../TempTransfer/NovaSeq/200924_MP8230_fastq/multiqc_data
[2020-09-27 19:38:50,394] multiqc                                            [DEBUG  ]  Moving data file from '/mnt/scratch/871142.1.all.q/tmpkwfkbfep/multiqc_data/multiqc_data.json' to '/zfs/cores/mbcfdata/mbcf-seq/TempTransfer/NovaSeq/200924_MP8230_fastq/multiqc_data'
[2020-09-27 19:38:50,410] multiqc                                            [DEBUG  ]  Moving data file from '/mnt/scratch/871142.1.all.q/tmpkwfkbfep/multiqc_data/multiqc_qualimap_bamqc_genome_results.txt' to '/zfs/cores/mbcfdata/mbcf-seq/TempTransfer/NovaSeq/200924_MP8230_fastq/multiqc_data'
[2020-09-27 19:38:50,418] multiqc                                            [DEBUG  ]  Moving data file from '/mnt/scratch/871142.1.all.q/tmpkwfkbfep/multiqc_data/multiqc_fastqc.txt' to '/zfs/cores/mbcfdata/mbcf-seq/TempTransfer/NovaSeq/200924_MP8230_fastq/multiqc_data'
[2020-09-27 19:38:50,425] multiqc                                            [DEBUG  ]  Moving data file from '/mnt/scratch/871142.1.all.q/tmpkwfkbfep/multiqc_data/multiqc_sources.txt' to '/zfs/cores/mbcfdata/mbcf-seq/TempTransfer/NovaSeq/200924_MP8230_fastq/multiqc_data'
[2020-09-27 19:38:50,431] multiqc                                            [DEBUG  ]  Moving data file from '/mnt/scratch/871142.1.all.q/tmpkwfkbfep/multiqc_data/multiqc_general_stats.txt' to '/zfs/cores/mbcfdata/mbcf-seq/TempTransfer/NovaSeq/200924_MP8230_fastq/multiqc_data'
[2020-09-27 19:38:51,059] multiqc                                            [INFO   ]  MultiQC complete
