[2020-12-25 12:46:23,085] multiqc                                            [DEBUG  ]  No MultiQC config found: /programs/x86_64-linux/multiqc/1.8/lib/python3.7/site-packages/multiqc_config.yaml
[2020-12-25 12:46:23,088] multiqc                                            [DEBUG  ]  No MultiQC config found: /home/zth1/.multiqc_config.yaml
[2020-12-25 12:46:23,090] multiqc                                            [DEBUG  ]  No MultiQC config found: multiqc_config.yaml
[2020-12-25 12:46:23,091] multiqc                                            [DEBUG  ]  Command used: /programs/x86_64-linux/multiqc/1.8/bin/multiqc /zfs/cores/mbcfdata/mbcf-seq/TempTransfer/NovaSeq/201222_MP8533_fastq/Reports -o /zfs/cores/mbcfdata/mbcf-seq/TempTransfer/NovaSeq/201222_MP8533_fastq/
[2020-12-25 12:46:23,921] multiqc                                            [WARNING]  MultiQC Version v1.9 now available!
[2020-12-25 12:46:23,922] multiqc                                            [INFO   ]  This is MultiQC v1.8
[2020-12-25 12:46:23,923] multiqc                                            [DEBUG  ]  Command     : /programs/x86_64-linux/multiqc/1.8/bin/multiqc /zfs/cores/mbcfdata/mbcf-seq/TempTransfer/NovaSeq/201222_MP8533_fastq/Reports -o /zfs/cores/mbcfdata/mbcf-seq/TempTransfer/NovaSeq/201222_MP8533_fastq/
[2020-12-25 12:46:23,925] multiqc                                            [DEBUG  ]  Working dir : /zfs/cores/mbcfdata/mbcf-seq/NovaSeq/analysis/201222_A00873_0263_BHTYM7DSXY_MP8548_BA8522_MP8533_SS8552_Qiaselect_NY8469_RV8495_YM8500_YM8501_EM8527_LB8498_JS8562_CC8453_MS8442/concat_per_sample_fastq
[2020-12-25 12:46:23,926] multiqc                                            [INFO   ]  Template    : default
[2020-12-25 12:46:23,928] multiqc                                            [DEBUG  ]  Running Python 3.7.4 (default, Aug 13 2019, 20:35:49)  [GCC 7.3.0]
[2020-12-25 12:46:23,930] multiqc                                            [INFO   ]  Searching   : /zfs/cores/mbcfdata/mbcf-seq/TempTransfer/NovaSeq/201222_MP8533_fastq/Reports
[2020-12-25 12:46:23,931] multiqc                                            [DEBUG  ]  Analysing modules: custom_content, conpair, peddy, methylQA, phantompeakqualtools, qualimap, preseq, quast, qorts, rna_seqc, rsem, rseqc, busco, goleft_indexcov, disambiguate, supernova, deeptools, sargasso, verifybamid, mirtrace, happy, homer, macs2, theta2, snpeff, gatk, htseq, bcftools, featureCounts, fgbio, dedup, damageprofiler, biobambam2, mtnucratio, picard, prokka, samblaster, samtools, sexdeterrmine, bamtools, jellyfish, vcftools, longranger, stacks, bbmap, bismark, biscuit, hicexplorer, hicup, hicpro, salmon, kallisto, slamdunk, star, hisat2, tophat, bowtie2, bowtie1, kat, leehom, adapterRemoval, clipandmerge, cutadapt, flexbar, trimmomatic, skewer, sortmerna, biobloomtools, fastq_screen, afterqc, fastp, fastqc, minionqc, mosdepth, clusterflow, bcl2fastq, interop, flash, seqyclean
[2020-12-25 12:46:23,935] multiqc                                            [DEBUG  ]  Using temporary directory for creating report: /mnt/scratch/1061886.1.all.q/tmp0ky1iyrf
[2020-12-25 12:46:24,265] multiqc                                            [DEBUG  ]  Ignoring file as matched an ignore pattern: 20201222_DMSO_FLAG_24_MP8533_S18_R2_001_fastqc.html
[2020-12-25 12:46:24,267] multiqc                                            [DEBUG  ]  Ignoring file as matched an ignore pattern: 20201222_DMSO_MED1_24_MP8533_S20_R1_001_fastqc.html
[2020-12-25 12:46:24,268] multiqc                                            [DEBUG  ]  Ignoring file as matched an ignore pattern: 20201222_VHL_MED1_24_MP8533_S25_R1_001_fastqc.html
[2020-12-25 12:46:24,270] multiqc                                            [DEBUG  ]  Ignoring file as matched an ignore pattern: 20201222_VHL_FLAG_24_MP8533_S23_R2_001_fastqc.html
[2020-12-25 12:46:24,271] multiqc                                            [DEBUG  ]  Ignoring file as matched an ignore pattern: 20201222_VHL_MED1_24_MP8533_S25_R2_001_fastqc.html
[2020-12-25 12:46:24,272] multiqc                                            [DEBUG  ]  Ignoring file as matched an ignore pattern: 20201222_VHL_FLAG_24_MP8533_S23_R1_001_fastqc.html
[2020-12-25 12:46:24,273] multiqc                                            [DEBUG  ]  Ignoring file as matched an ignore pattern: 20201222_DMSO_FLAG_24_MP8533_S18_R1_001_fastqc.html
[2020-12-25 12:46:24,275] multiqc                                            [DEBUG  ]  Ignoring file as matched an ignore pattern: 20201222_DMSO_MED1_24_MP8533_S20_R2_001_fastqc.html
[2020-12-25 12:46:24,276] multiqc                                            [DEBUG  ]  Ignoring file as matched an ignore pattern: 20201222_DMSO_MEF2C24_MP8533_S22_R1_001_fastqc.html
[2020-12-25 12:46:24,277] multiqc                                            [DEBUG  ]  Ignoring file as matched an ignore pattern: 20201222_VHL_MYC_24_MP8533_S24_R2_001_fastqc.html
[2020-12-25 12:46:24,279] multiqc                                            [DEBUG  ]  Ignoring file as matched an ignore pattern: 20201222_DMSO_POL_II_24_MP8533_S21_R2_001_fastqc.html
[2020-12-25 12:46:24,280] multiqc                                            [DEBUG  ]  Ignoring file as matched an ignore pattern: 20201222_VHL_POL_II_24_MP8533_S26_R1_001_fastqc.html
[2020-12-25 12:46:24,281] multiqc                                            [DEBUG  ]  Ignoring file as matched an ignore pattern: 20201222_DMSO_MYC_24_MP8533_S19_R1_001_fastqc.html
[2020-12-25 12:46:24,282] multiqc                                            [DEBUG  ]  Ignoring file as matched an ignore pattern: 20201222_VHL_MEF2C_24_MP8533_S27_R2_001_fastqc.html
[2020-12-25 12:46:24,284] multiqc                                            [DEBUG  ]  Ignoring file as matched an ignore pattern: 20201222_DMSO_MYC_24_MP8533_S19_R2_001_fastqc.html
[2020-12-25 12:46:24,285] multiqc                                            [DEBUG  ]  Ignoring file as matched an ignore pattern: 20201222_VHL_MEF2C_24_MP8533_S27_R1_001_fastqc.html
[2020-12-25 12:46:24,285] multiqc                                            [DEBUG  ]  Ignoring file as matched an ignore pattern: 20201222_DMSO_POL_II_24_MP8533_S21_R1_001_fastqc.html
[2020-12-25 12:46:24,286] multiqc                                            [DEBUG  ]  Ignoring file as matched an ignore pattern: 20201222_VHL_MYC_24_MP8533_S24_R1_001_fastqc.html
[2020-12-25 12:46:24,287] multiqc                                            [DEBUG  ]  Ignoring file as matched an ignore pattern: 20201222_VHL_POL_II_24_MP8533_S26_R2_001_fastqc.html
[2020-12-25 12:46:24,288] multiqc                                            [DEBUG  ]  Ignoring file as matched an ignore pattern: 20201222_DMSO_MEF2C24_MP8533_S22_R2_001_fastqc.html
[2020-12-25 12:46:24,786] multiqc.plots.bargraph                             [DEBUG  ]  Using matplotlib version 2.2.5
[2020-12-25 12:46:24,793] multiqc.plots.linegraph                            [DEBUG  ]  Using matplotlib version 2.2.5
[2020-12-25 12:46:24,796] multiqc                                            [DEBUG  ]  No samples found: custom_content
[2020-12-25 12:46:24,802] multiqc                                            [DEBUG  ]  No samples found: conpair
[2020-12-25 12:46:24,809] multiqc                                            [DEBUG  ]  No samples found: peddy
[2020-12-25 12:46:24,815] multiqc                                            [DEBUG  ]  No samples found: methylQA
[2020-12-25 12:46:24,822] multiqc                                            [DEBUG  ]  No samples found: phantompeakqualtools
[2020-12-25 12:46:24,834] multiqc                                            [DEBUG  ]  No samples found: qualimap
[2020-12-25 12:46:24,839] multiqc                                            [DEBUG  ]  No samples found: preseq
[2020-12-25 12:46:24,845] multiqc                                            [DEBUG  ]  No samples found: quast
[2020-12-25 12:46:24,852] multiqc                                            [DEBUG  ]  No samples found: qorts
[2020-12-25 12:46:24,858] multiqc                                            [DEBUG  ]  No samples found: rna_seqc
[2020-12-25 12:46:24,863] multiqc                                            [DEBUG  ]  No samples found: rsem
[2020-12-25 12:46:24,873] multiqc                                            [DEBUG  ]  No samples found: rseqc
[2020-12-25 12:46:24,879] multiqc                                            [DEBUG  ]  No samples found: busco
[2020-12-25 12:46:24,886] multiqc                                            [DEBUG  ]  No samples found: goleft_indexcov
[2020-12-25 12:46:24,892] multiqc                                            [DEBUG  ]  No samples found: disambiguate
[2020-12-25 12:46:24,898] multiqc                                            [DEBUG  ]  No samples found: supernova
[2020-12-25 12:46:24,908] multiqc                                            [DEBUG  ]  No samples found: deeptools
[2020-12-25 12:46:24,914] multiqc                                            [DEBUG  ]  No samples found: sargasso
[2020-12-25 12:46:24,920] multiqc                                            [DEBUG  ]  No samples found: verifybamid
[2020-12-25 12:46:24,926] multiqc                                            [DEBUG  ]  No samples found: mirtrace
[2020-12-25 12:46:24,933] multiqc                                            [DEBUG  ]  No samples found: happy
[2020-12-25 12:46:24,940] multiqc                                            [DEBUG  ]  No samples found: homer
[2020-12-25 12:46:24,946] multiqc                                            [DEBUG  ]  No samples found: macs2
[2020-12-25 12:46:24,953] multiqc                                            [DEBUG  ]  No samples found: theta2
[2020-12-25 12:46:24,970] multiqc                                            [DEBUG  ]  No samples found: snpeff
[2020-12-25 12:46:24,979] multiqc                                            [DEBUG  ]  No samples found: gatk
[2020-12-25 12:46:24,986] multiqc                                            [DEBUG  ]  No samples found: htseq
[2020-12-25 12:46:24,998] multiqc                                            [DEBUG  ]  No samples found: bcftools
[2020-12-25 12:46:25,028] multiqc                                            [DEBUG  ]  No samples found: featureCounts
[2020-12-25 12:46:25,042] multiqc                                            [DEBUG  ]  No samples found: fgbio
[2020-12-25 12:46:25,082] multiqc                                            [DEBUG  ]  No samples found: dedup
[2020-12-25 12:46:25,097] multiqc                                            [DEBUG  ]  No samples found: damageprofiler
[2020-12-25 12:46:25,119] multiqc                                            [DEBUG  ]  No samples found: biobambam2
[2020-12-25 12:46:25,132] multiqc                                            [DEBUG  ]  No samples found: mtnucratio
[2020-12-25 12:46:25,138] multiqc                                            [DEBUG  ]  No samples found: picard
[2020-12-25 12:46:25,158] multiqc                                            [DEBUG  ]  No samples found: prokka
[2020-12-25 12:46:25,173] multiqc                                            [DEBUG  ]  No samples found: samblaster
[2020-12-25 12:46:25,192] multiqc                                            [DEBUG  ]  No samples found: samtools
[2020-12-25 12:46:25,198] multiqc                                            [DEBUG  ]  No samples found: sexdeterrmine
[2020-12-25 12:46:25,226] multiqc                                            [DEBUG  ]  No samples found: bamtools
[2020-12-25 12:46:25,238] multiqc                                            [DEBUG  ]  No samples found: jellyfish
[2020-12-25 12:46:25,246] multiqc                                            [DEBUG  ]  No samples found: vcftools
[2020-12-25 12:46:25,253] multiqc                                            [DEBUG  ]  No samples found: longranger
[2020-12-25 12:46:25,259] multiqc                                            [DEBUG  ]  No samples found: stacks
[2020-12-25 12:46:25,272] multiqc                                            [DEBUG  ]  No samples found: bbmap
[2020-12-25 12:46:25,279] multiqc                                            [DEBUG  ]  No samples found: bismark
[2020-12-25 12:46:25,293] multiqc                                            [DEBUG  ]  No samples found: biscuit
[2020-12-25 12:46:25,309] multiqc                                            [DEBUG  ]  No samples found: hicexplorer
[2020-12-25 12:46:25,314] multiqc                                            [DEBUG  ]  No samples found: hicup
[2020-12-25 12:46:25,320] multiqc                                            [DEBUG  ]  No samples found: hicpro
[2020-12-25 12:46:25,326] multiqc                                            [DEBUG  ]  No samples found: salmon
[2020-12-25 12:46:25,337] multiqc                                            [DEBUG  ]  No samples found: kallisto
[2020-12-25 12:46:25,343] multiqc                                            [DEBUG  ]  No samples found: slamdunk
[2020-12-25 12:46:25,349] multiqc                                            [DEBUG  ]  No samples found: star
[2020-12-25 12:46:25,355] multiqc                                            [DEBUG  ]  No samples found: hisat2
[2020-12-25 12:46:25,361] multiqc                                            [DEBUG  ]  No samples found: tophat
[2020-12-25 12:46:25,366] multiqc                                            [DEBUG  ]  No samples found: bowtie2
[2020-12-25 12:46:25,370] multiqc                                            [DEBUG  ]  No samples found: bowtie1
[2020-12-25 12:46:25,393] multiqc                                            [DEBUG  ]  No samples found: kat
[2020-12-25 12:46:25,401] multiqc                                            [DEBUG  ]  No samples found: leehom
[2020-12-25 12:46:25,410] multiqc                                            [DEBUG  ]  No samples found: adapterRemoval
[2020-12-25 12:46:25,418] multiqc                                            [DEBUG  ]  No samples found: clipandmerge
[2020-12-25 12:46:25,425] multiqc                                            [DEBUG  ]  No samples found: cutadapt
[2020-12-25 12:46:25,433] multiqc                                            [DEBUG  ]  No samples found: flexbar
[2020-12-25 12:46:25,440] multiqc                                            [DEBUG  ]  No samples found: trimmomatic
[2020-12-25 12:46:25,448] multiqc                                            [DEBUG  ]  No samples found: skewer
[2020-12-25 12:46:25,462] multiqc                                            [DEBUG  ]  No samples found: sortmerna
[2020-12-25 12:46:25,487] multiqc                                            [DEBUG  ]  No samples found: biobloomtools
[2020-12-25 12:46:25,492] multiqc                                            [DEBUG  ]  No samples found: fastq_screen
[2020-12-25 12:46:25,499] multiqc                                            [DEBUG  ]  No samples found: afterqc
[2020-12-25 12:46:25,505] multiqc                                            [DEBUG  ]  No samples found: fastp
[2020-12-25 12:46:30,591] multiqc.modules.fastqc.fastqc                      [INFO   ]  Found 20 reports
[2020-12-25 12:46:30,932] multiqc                                            [DEBUG  ]  No samples found: minionqc
[2020-12-25 12:46:30,940] multiqc                                            [DEBUG  ]  No samples found: mosdepth
[2020-12-25 12:46:30,946] multiqc                                            [DEBUG  ]  No samples found: clusterflow
[2020-12-25 12:46:30,955] multiqc                                            [DEBUG  ]  No samples found: bcl2fastq
[2020-12-25 12:46:30,962] multiqc                                            [DEBUG  ]  No samples found: interop
[2020-12-25 12:46:30,969] multiqc                                            [DEBUG  ]  No samples found: flash
[2020-12-25 12:46:30,976] multiqc                                            [DEBUG  ]  No samples found: seqyclean
[2020-12-25 12:46:31,024] multiqc                                            [INFO   ]  Compressing plot data
[2020-12-25 12:46:31,553] multiqc                                            [INFO   ]  Report      : ../../../../TempTransfer/NovaSeq/201222_MP8533_fastq/multiqc_report.html
[2020-12-25 12:46:31,560] multiqc                                            [INFO   ]  Data        : ../../../../TempTransfer/NovaSeq/201222_MP8533_fastq/multiqc_data
[2020-12-25 12:46:31,562] multiqc                                            [DEBUG  ]  Moving data file from '/mnt/scratch/1061886.1.all.q/tmp0ky1iyrf/multiqc_data/multiqc_general_stats.txt' to '/zfs/cores/mbcfdata/mbcf-seq/TempTransfer/NovaSeq/201222_MP8533_fastq/multiqc_data'
[2020-12-25 12:46:31,572] multiqc                                            [DEBUG  ]  Moving data file from '/mnt/scratch/1061886.1.all.q/tmp0ky1iyrf/multiqc_data/multiqc_data.json' to '/zfs/cores/mbcfdata/mbcf-seq/TempTransfer/NovaSeq/201222_MP8533_fastq/multiqc_data'
[2020-12-25 12:46:31,592] multiqc                                            [DEBUG  ]  Moving data file from '/mnt/scratch/1061886.1.all.q/tmp0ky1iyrf/multiqc_data/multiqc_qualimap_bamqc_genome_results.txt' to '/zfs/cores/mbcfdata/mbcf-seq/TempTransfer/NovaSeq/201222_MP8533_fastq/multiqc_data'
[2020-12-25 12:46:31,618] multiqc                                            [DEBUG  ]  Moving data file from '/mnt/scratch/1061886.1.all.q/tmp0ky1iyrf/multiqc_data/multiqc_fastqc.txt' to '/zfs/cores/mbcfdata/mbcf-seq/TempTransfer/NovaSeq/201222_MP8533_fastq/multiqc_data'
[2020-12-25 12:46:31,626] multiqc                                            [DEBUG  ]  Moving data file from '/mnt/scratch/1061886.1.all.q/tmp0ky1iyrf/multiqc_data/multiqc_sources.txt' to '/zfs/cores/mbcfdata/mbcf-seq/TempTransfer/NovaSeq/201222_MP8533_fastq/multiqc_data'
[2020-12-25 12:46:32,704] multiqc                                            [INFO   ]  MultiQC complete
